{"/home/travis/build/npmtest/node-npmtest-ng-img-crop/test.js":{"path":"/home/travis/build/npmtest/node-npmtest-ng-img-crop/test.js","s":{"1":2,"2":2,"3":2,"4":2,"5":2,"6":2,"7":2,"8":1,"9":2,"10":2,"11":1,"12":1,"13":1,"14":1,"15":2,"16":2,"17":2,"18":2,"19":1,"20":1,"21":2,"22":2,"23":2,"24":1,"25":1,"26":1,"27":1,"28":1,"29":1,"30":1,"31":1,"32":1,"33":1,"34":1,"35":1,"36":1,"37":1,"38":1,"39":2,"40":2,"41":1,"42":2,"43":2,"44":1,"45":2,"46":2,"47":1,"48":2,"49":2,"50":1,"51":1,"52":1,"53":1,"54":1},"b":{"1":[2,1,1,1],"2":[1,1,1,1],"3":[1,1],"4":[1,1],"5":[1,1],"6":[1,1],"7":[1,1],"8":[1,1],"9":[1,1],"10":[1,1,1],"11":[1,1],"12":[1,1],"13":[1,1],"14":[1,1],"15":[1,1],"16":[1,1],"17":[1,1]},"f":{"1":2,"2":2,"3":2,"4":2,"5":2,"6":1,"7":1,"8":1,"9":2,"10":2,"11":2,"12":2,"13":1},"fnMap":{"1":{"name":"(anonymous_1)","line":12,"loc":{"start":{"line":12,"column":1},"end":{"line":12,"column":13}}},"2":{"name":"(anonymous_2)","line":19,"loc":{"start":{"line":19,"column":5},"end":{"line":19,"column":17}}},"3":{"name":"(anonymous_3)","line":23,"loc":{"start":{"line":23,"column":24},"end":{"line":23,"column":36}}},"4":{"name":"(anonymous_4)","line":61,"loc":{"start":{"line":61,"column":5},"end":{"line":61,"column":17}}},"5":{"name":"(anonymous_5)","line":82,"loc":{"start":{"line":82,"column":5},"end":{"line":82,"column":17}}},"6":{"name":"(anonymous_6)","line":91,"loc":{"start":{"line":91,"column":77},"end":{"line":94,"column":10}}},"7":{"name":"(anonymous_7)","line":112,"loc":{"start":{"line":112,"column":83},"end":{"line":115,"column":10}},"skip":true},"8":{"name":"(anonymous_8)","line":123,"loc":{"start":{"line":123,"column":77},"end":{"line":126,"column":10}},"skip":true},"9":{"name":"(anonymous_9)","line":139,"loc":{"start":{"line":139,"column":12},"end":{"line":139,"column":40}},"skip":true},"10":{"name":"(anonymous_10)","line":147,"loc":{"start":{"line":147,"column":77},"end":{"line":150,"column":10}},"skip":true},"11":{"name":"(anonymous_11)","line":158,"loc":{"start":{"line":158,"column":83},"end":{"line":161,"column":10}},"skip":true},"12":{"name":"(anonymous_12)","line":169,"loc":{"start":{"line":169,"column":79},"end":{"line":172,"column":10}},"skip":true},"13":{"name":"(anonymous_13)","line":180,"loc":{"start":{"line":180,"column":75},"end":{"line":183,"column":10}},"skip":true}},"statementMap":{"1":{"start":{"line":12,"column":0},"end":{"line":195,"column":5}},"2":{"start":{"line":14,"column":4},"end":{"line":14,"column":14}},"3":{"start":{"line":19,"column":4},"end":{"line":56,"column":9}},"4":{"start":{"line":21,"column":8},"end":{"line":21,"column":19}},"5":{"start":{"line":23,"column":8},"end":{"line":35,"column":13}},"6":{"start":{"line":24,"column":12},"end":{"line":34,"column":13}},"7":{"start":{"line":25,"column":16},"end":{"line":28,"column":30}},"8":{"start":{"line":30,"column":16},"end":{"line":33,"column":27}},"9":{"start":{"line":37,"column":8},"end":{"line":39,"column":21}},"10":{"start":{"line":40,"column":8},"end":{"line":53,"column":9}},"11":{"start":{"line":43,"column":12},"end":{"line":46,"column":14}},"12":{"start":{"line":47,"column":12},"end":{"line":47,"column":18}},"13":{"start":{"line":50,"column":12},"end":{"line":51,"column":33}},"14":{"start":{"line":52,"column":12},"end":{"line":52,"column":18}},"15":{"start":{"line":55,"column":8},"end":{"line":55,"column":35}},"16":{"start":{"line":61,"column":4},"end":{"line":63,"column":9}},"17":{"start":{"line":62,"column":8},"end":{"line":62,"column":15}},"18":{"start":{"line":64,"column":4},"end":{"line":77,"column":5}},"19":{"start":{"line":70,"column":8},"end":{"line":70,"column":14}},"20":{"start":{"line":76,"column":8},"end":{"line":76,"column":14}},"21":{"start":{"line":82,"column":4},"end":{"line":84,"column":9}},"22":{"start":{"line":83,"column":8},"end":{"line":83,"column":15}},"23":{"start":{"line":85,"column":4},"end":{"line":194,"column":5}},"24":{"start":{"line":91,"column":8},"end":{"line":99,"column":10}},"25":{"start":{"line":98,"column":12},"end":{"line":98,"column":35}},"26":{"start":{"line":102,"column":8},"end":{"line":104,"column":63}},"27":{"start":{"line":105,"column":8},"end":{"line":105,"column":14}},"28":{"start":{"line":112,"column":8},"end":{"line":121,"column":10},"skip":true},"29":{"start":{"line":119,"column":12},"end":{"line":119,"column":55},"skip":true},"30":{"start":{"line":120,"column":12},"end":{"line":120,"column":48},"skip":true},"31":{"start":{"line":123,"column":8},"end":{"line":136,"column":10},"skip":true},"32":{"start":{"line":130,"column":12},"end":{"line":130,"column":76},"skip":true},"33":{"start":{"line":131,"column":12},"end":{"line":131,"column":73},"skip":true},"34":{"start":{"line":132,"column":12},"end":{"line":132,"column":74},"skip":true},"35":{"start":{"line":133,"column":12},"end":{"line":133,"column":79},"skip":true},"36":{"start":{"line":134,"column":12},"end":{"line":134,"column":25},"skip":true},"37":{"start":{"line":135,"column":12},"end":{"line":135,"column":45},"skip":true},"38":{"start":{"line":138,"column":8},"end":{"line":145,"column":14},"skip":true},"39":{"start":{"line":143,"column":16},"end":{"line":143,"column":29},"skip":true},"40":{"start":{"line":144,"column":16},"end":{"line":144,"column":55},"skip":true},"41":{"start":{"line":147,"column":8},"end":{"line":156,"column":10},"skip":true},"42":{"start":{"line":154,"column":12},"end":{"line":154,"column":25},"skip":true},"43":{"start":{"line":155,"column":12},"end":{"line":155,"column":45},"skip":true},"44":{"start":{"line":158,"column":8},"end":{"line":167,"column":10},"skip":true},"45":{"start":{"line":165,"column":12},"end":{"line":165,"column":25},"skip":true},"46":{"start":{"line":166,"column":12},"end":{"line":166,"column":48},"skip":true},"47":{"start":{"line":169,"column":8},"end":{"line":178,"column":10},"skip":true},"48":{"start":{"line":176,"column":12},"end":{"line":176,"column":25},"skip":true},"49":{"start":{"line":177,"column":12},"end":{"line":177,"column":46},"skip":true},"50":{"start":{"line":180,"column":8},"end":{"line":189,"column":10},"skip":true},"51":{"start":{"line":187,"column":12},"end":{"line":187,"column":94},"skip":true},"52":{"start":{"line":188,"column":12},"end":{"line":188,"column":48},"skip":true},"53":{"start":{"line":192,"column":8},"end":{"line":192,"column":35},"skip":true},"54":{"start":{"line":193,"column":8},"end":{"line":193,"column":14},"skip":true}},"branchMap":{"1":{"line":25,"type":"binary-expr","locations":[{"start":{"line":25,"column":23},"end":{"line":25,"column":62}},{"start":{"line":26,"column":20},"end":{"line":26,"column":70}},{"start":{"line":27,"column":20},"end":{"line":27,"column":71}},{"start":{"line":28,"column":20},"end":{"line":28,"column":29}}]},"2":{"line":30,"type":"binary-expr","locations":[{"start":{"line":30,"column":23},"end":{"line":30,"column":37}},{"start":{"line":31,"column":20},"end":{"line":31,"column":61}},{"start":{"line":32,"column":20},"end":{"line":32,"column":70}},{"start":{"line":33,"column":20},"end":{"line":33,"column":26}}]},"3":{"line":37,"type":"cond-expr","locations":[{"start":{"line":38,"column":14},"end":{"line":38,"column":20}},{"start":{"line":39,"column":14},"end":{"line":39,"column":20}}]},"4":{"line":40,"type":"switch","locations":[{"start":{"line":42,"column":8},"end":{"line":47,"column":18}},{"start":{"line":49,"column":8},"end":{"line":52,"column":18}}]},"5":{"line":44,"type":"binary-expr","locations":[{"start":{"line":44,"column":16},"end":{"line":44,"column":44}},{"start":{"line":44,"column":48},"end":{"line":44,"column":66}}]},"6":{"line":50,"type":"binary-expr","locations":[{"start":{"line":50,"column":21},"end":{"line":50,"column":49}},{"start":{"line":50,"column":53},"end":{"line":50,"column":72}}]},"7":{"line":64,"type":"switch","locations":[{"start":{"line":69,"column":4},"end":{"line":70,"column":14}},{"start":{"line":75,"column":4},"end":{"line":76,"column":14}}]},"8":{"line":85,"type":"switch","locations":[{"start":{"line":90,"column":4},"end":{"line":105,"column":14}},{"start":{"line":111,"column":4},"end":{"line":193,"column":14},"skip":true}]},"9":{"line":91,"type":"binary-expr","locations":[{"start":{"line":91,"column":42},"end":{"line":91,"column":73}},{"start":{"line":91,"column":77},"end":{"line":99,"column":9}}]},"10":{"line":102,"type":"binary-expr","locations":[{"start":{"line":102,"column":18},"end":{"line":102,"column":32}},{"start":{"line":103,"column":12},"end":{"line":103,"column":53}},{"start":{"line":104,"column":12},"end":{"line":104,"column":61}}]},"11":{"line":112,"type":"binary-expr","locations":[{"start":{"line":112,"column":45},"end":{"line":112,"column":79},"skip":true},{"start":{"line":112,"column":83},"end":{"line":121,"column":9},"skip":true}]},"12":{"line":123,"type":"binary-expr","locations":[{"start":{"line":123,"column":42},"end":{"line":123,"column":73},"skip":true},{"start":{"line":123,"column":77},"end":{"line":136,"column":9},"skip":true}]},"13":{"line":138,"type":"binary-expr","locations":[{"start":{"line":138,"column":48},"end":{"line":138,"column":85},"skip":true},{"start":{"line":139,"column":12},"end":{"line":145,"column":13},"skip":true}]},"14":{"line":147,"type":"binary-expr","locations":[{"start":{"line":147,"column":42},"end":{"line":147,"column":73},"skip":true},{"start":{"line":147,"column":77},"end":{"line":156,"column":9},"skip":true}]},"15":{"line":158,"type":"binary-expr","locations":[{"start":{"line":158,"column":45},"end":{"line":158,"column":79},"skip":true},{"start":{"line":158,"column":83},"end":{"line":167,"column":9},"skip":true}]},"16":{"line":169,"type":"binary-expr","locations":[{"start":{"line":169,"column":43},"end":{"line":169,"column":75},"skip":true},{"start":{"line":169,"column":79},"end":{"line":178,"column":9},"skip":true}]},"17":{"line":180,"type":"binary-expr","locations":[{"start":{"line":180,"column":41},"end":{"line":180,"column":71},"skip":true},{"start":{"line":180,"column":75},"end":{"line":189,"column":9},"skip":true}]}},"code":["/* istanbul instrument in package npmtest_ng_img_crop */","/*jslint","    bitwise: true,","    browser: true,","    maxerr: 8,","    maxlen: 96,","    node: true,","    nomen: true,","    regexp: true,","    stupid: true","*/","(function () {","    'use strict';","    var local;","","","","    // run shared js-env code - init-before","    (function () {","        // init local","        local = {};","        // init modeJs","        local.modeJs = (function () {","            try {","                return typeof navigator.userAgent === 'string' &&","                    typeof document.querySelector('body') === 'object' &&","                    typeof XMLHttpRequest.prototype.open === 'function' &&","                    'browser';","            } catch (errorCaughtBrowser) {","                return module.exports &&","                    typeof process.versions.node === 'string' &&","                    typeof require('http').createServer === 'function' &&","                    'node';","            }","        }());","        // init global","        local.global = local.modeJs === 'browser'","            ? window","            : global;","        switch (local.modeJs) {","        // re-init local from window.local","        case 'browser':","            local = local.global.utility2.objectSetDefault(","                local.global.utility2_rollup || local.global.local,","                local.global.utility2","            );","            break;","        // re-init local from example.js","        case 'node':","            local = (local.global.utility2_rollup || require('utility2'))","                .requireReadme();","            break;","        }","        // export local","        local.global.local = local;","    }());","","","","    // run shared js-env code - function","    (function () {","        return;","    }());","    switch (local.modeJs) {","","","","    // run browser js-env code - function","    case 'browser':","        break;","","","","    // run node js-env code - function","    case 'node':","        break;","    }","","","","    // run shared js-env code - init-after","    (function () {","        return;","    }());","    switch (local.modeJs) {","","","","    // run browser js-env code - init-after","    case 'browser':","        local.testCase_browser_nullCase = local.testCase_browser_nullCase || function (","            options,","            onError","        ) {","        /*","         * this function will test browsers's null-case handling-behavior-behavior","         */","            onError(null, options);","        };","","        // run tests","        local.nop(local.modeTest &&","            document.querySelector('#testRunButton1') &&","            document.querySelector('#testRunButton1').click());","        break;","","","","    // run node js-env code - init-after","    /* istanbul ignore next */","    case 'node':","        local.testCase_buildApidoc_default = local.testCase_buildApidoc_default || function (","            options,","            onError","        ) {","        /*","         * this function will test buildApidoc's default handling-behavior-behavior","         */","            options = { modulePathList: module.paths };","            local.buildApidoc(options, onError);","        };","","        local.testCase_buildApp_default = local.testCase_buildApp_default || function (","            options,","            onError","        ) {","        /*","         * this function will test buildApp's default handling-behavior-behavior","         */","            local.testCase_buildReadme_default(options, local.onErrorThrow);","            local.testCase_buildLib_default(options, local.onErrorThrow);","            local.testCase_buildTest_default(options, local.onErrorThrow);","            local.testCase_buildCustomOrg_default(options, local.onErrorThrow);","            options = [];","            local.buildApp(options, onError);","        };","","        local.testCase_buildCustomOrg_default = local.testCase_buildCustomOrg_default ||","            function (options, onError) {","            /*","             * this function will test buildCustomOrg's default handling-behavior","             */","                options = {};","                local.buildCustomOrg(options, onError);","            };","","        local.testCase_buildLib_default = local.testCase_buildLib_default || function (","            options,","            onError","        ) {","        /*","         * this function will test buildLib's default handling-behavior","         */","            options = {};","            local.buildLib(options, onError);","        };","","        local.testCase_buildReadme_default = local.testCase_buildReadme_default || function (","            options,","            onError","        ) {","        /*","         * this function will test buildReadme's default handling-behavior-behavior","         */","            options = {};","            local.buildReadme(options, onError);","        };","","        local.testCase_buildTest_default = local.testCase_buildTest_default || function (","            options,","            onError","        ) {","        /*","         * this function will test buildTest's default handling-behavior","         */","            options = {};","            local.buildTest(options, onError);","        };","","        local.testCase_webpage_default = local.testCase_webpage_default || function (","            options,","            onError","        ) {","        /*","         * this function will test webpage's default handling-behavior","         */","            options = { modeCoverageMerge: true, url: local.serverLocalHost + '?modeTest=1' };","            local.browserTest(options, onError);","        };","","        // run test-server","        local.testRunServer(local);","        break;","    }","}());",""],"l":{"12":2,"14":2,"19":2,"21":2,"23":2,"24":2,"25":2,"30":1,"37":2,"40":2,"43":1,"47":1,"50":1,"52":1,"55":2,"61":2,"62":2,"64":2,"70":1,"76":1,"82":2,"83":2,"85":2,"91":1,"98":1,"102":1,"105":1,"112":1,"119":1,"120":1,"123":1,"130":1,"131":1,"132":1,"133":1,"134":1,"135":1,"138":1,"143":2,"144":2,"147":1,"154":2,"155":2,"158":1,"165":2,"166":2,"169":1,"176":2,"177":2,"180":1,"187":1,"188":1,"192":1,"193":1}},"/home/travis/build/npmtest/node-npmtest-ng-img-crop/lib.npmtest_ng_img_crop.js":{"path":"/home/travis/build/npmtest/node-npmtest-ng-img-crop/lib.npmtest_ng_img_crop.js","s":{"1":2,"2":2,"3":2,"4":2,"5":2,"6":2,"7":2,"8":1,"9":2,"10":2,"11":2,"12":2,"13":1,"14":1,"15":1,"16":1},"b":{"1":[2,1,1,1],"2":[1,1,1,1],"3":[1,1],"4":[2,2],"5":[1,1]},"f":{"1":2,"2":2,"3":2},"fnMap":{"1":{"name":"(anonymous_1)","line":12,"loc":{"start":{"line":12,"column":1},"end":{"line":12,"column":13}}},"2":{"name":"(anonymous_2)","line":19,"loc":{"start":{"line":19,"column":5},"end":{"line":19,"column":17}}},"3":{"name":"(anonymous_3)","line":23,"loc":{"start":{"line":23,"column":24},"end":{"line":23,"column":36}}}},"statementMap":{"1":{"start":{"line":12,"column":0},"end":{"line":53,"column":5}},"2":{"start":{"line":14,"column":4},"end":{"line":14,"column":14}},"3":{"start":{"line":19,"column":4},"end":{"line":52,"column":9}},"4":{"start":{"line":21,"column":8},"end":{"line":21,"column":19}},"5":{"start":{"line":23,"column":8},"end":{"line":35,"column":13}},"6":{"start":{"line":24,"column":12},"end":{"line":34,"column":13}},"7":{"start":{"line":25,"column":16},"end":{"line":28,"column":30}},"8":{"start":{"line":30,"column":16},"end":{"line":33,"column":27}},"9":{"start":{"line":37,"column":8},"end":{"line":39,"column":21}},"10":{"start":{"line":41,"column":8},"end":{"line":41,"column":54}},"11":{"start":{"line":43,"column":8},"end":{"line":43,"column":56}},"12":{"start":{"line":45,"column":8},"end":{"line":51,"column":9}},"13":{"start":{"line":46,"column":12},"end":{"line":46,"column":62}},"14":{"start":{"line":48,"column":12},"end":{"line":48,"column":35}},"15":{"start":{"line":49,"column":12},"end":{"line":49,"column":49}},"16":{"start":{"line":50,"column":12},"end":{"line":50,"column":43}}},"branchMap":{"1":{"line":25,"type":"binary-expr","locations":[{"start":{"line":25,"column":23},"end":{"line":25,"column":62}},{"start":{"line":26,"column":20},"end":{"line":26,"column":70}},{"start":{"line":27,"column":20},"end":{"line":27,"column":71}},{"start":{"line":28,"column":20},"end":{"line":28,"column":29}}]},"2":{"line":30,"type":"binary-expr","locations":[{"start":{"line":30,"column":23},"end":{"line":30,"column":37}},{"start":{"line":31,"column":20},"end":{"line":31,"column":61}},{"start":{"line":32,"column":20},"end":{"line":32,"column":70}},{"start":{"line":33,"column":20},"end":{"line":33,"column":26}}]},"3":{"line":37,"type":"cond-expr","locations":[{"start":{"line":38,"column":14},"end":{"line":38,"column":20}},{"start":{"line":39,"column":14},"end":{"line":39,"column":20}}]},"4":{"line":41,"type":"binary-expr","locations":[{"start":{"line":41,"column":16},"end":{"line":41,"column":44}},{"start":{"line":41,"column":48},"end":{"line":41,"column":53}}]},"5":{"line":45,"type":"if","locations":[{"start":{"line":45,"column":8},"end":{"line":45,"column":8}},{"start":{"line":45,"column":8},"end":{"line":45,"column":8}}]}},"code":["/* istanbul instrument in package npmtest_ng_img_crop */","/*jslint","    bitwise: true,","    browser: true,","    maxerr: 8,","    maxlen: 96,","    node: true,","    nomen: true,","    regexp: true,","    stupid: true","*/","(function () {","    'use strict';","    var local;","","","","    // run shared js-env code - init-before","    (function () {","        // init local","        local = {};","        // init modeJs","        local.modeJs = (function () {","            try {","                return typeof navigator.userAgent === 'string' &&","                    typeof document.querySelector('body') === 'object' &&","                    typeof XMLHttpRequest.prototype.open === 'function' &&","                    'browser';","            } catch (errorCaughtBrowser) {","                return module.exports &&","                    typeof process.versions.node === 'string' &&","                    typeof require('http').createServer === 'function' &&","                    'node';","            }","        }());","        // init global","        local.global = local.modeJs === 'browser'","            ? window","            : global;","        // init utility2_rollup","        local = local.global.utility2_rollup || local;","        // init lib","        local.local = local.npmtest_ng_img_crop = local;","        // init exports","        if (local.modeJs === 'browser') {","            local.global.utility2_npmtest_ng_img_crop = local;","        } else {","            module.exports = local;","            module.exports.__dirname = __dirname;","            module.exports.module = module;","        }","    }());","}());",""],"l":{"12":2,"14":2,"19":2,"21":2,"23":2,"24":2,"25":2,"30":1,"37":2,"41":2,"43":2,"45":2,"46":1,"48":1,"49":1,"50":1}},"/home/travis/build/npmtest/node-npmtest-ng-img-crop/example.js":{"path":"/home/travis/build/npmtest/node-npmtest-ng-img-crop/example.js","s":{"1":2,"2":2,"3":2,"4":2,"5":2,"6":2,"7":2,"8":1,"9":2,"10":2,"11":2,"12":2,"13":1,"14":2,"15":2,"16":2,"17":2,"18":2,"19":0,"20":2,"21":1,"22":1,"23":1,"24":1,"25":1,"26":0,"27":0,"28":1,"29":1,"30":2,"31":0,"32":0,"33":0,"34":1,"35":2,"36":2,"37":3,"38":3,"39":3,"40":3,"41":0,"42":3,"43":3,"44":3,"45":1,"46":3,"47":1,"48":1,"49":1,"50":1,"51":1,"52":1,"53":1,"54":1,"55":1,"56":1,"57":0,"58":1,"59":6,"60":6,"61":1,"62":2,"63":0,"64":2,"65":1,"66":1,"67":0,"68":0,"69":0,"70":0,"71":0,"72":0,"73":0,"74":0,"75":0,"76":0,"77":0,"78":0,"79":0,"80":0,"81":0,"82":0,"83":0},"b":{"1":[2,1,1,1],"2":[1,1,1,1],"3":[1,1],"4":[2,2],"5":[1,1],"6":[1,1],"7":[2,0],"8":[2,1,1,1,1,1],"9":[0,2,0],"10":[1,1],"11":[2,1,1],"12":[1,0],"13":[0,2],"14":[2,0,0,0,0,0,0],"15":[0,3],"16":[3,0],"17":[1,1],"18":[0,1],"19":[1,2,0,2],"20":[1,0],"21":[1,1],"22":[0,0],"23":[0,0],"24":[0,0],"25":[0,0],"26":[0,0],"27":[0,0],"28":[0,0]},"f":{"1":2,"2":2,"3":2,"4":2,"5":2,"6":2,"7":3,"8":3,"9":3,"10":1,"11":6,"12":0},"fnMap":{"1":{"name":"(anonymous_1)","line":26,"loc":{"start":{"line":26,"column":1},"end":{"line":26,"column":13}}},"2":{"name":"(anonymous_2)","line":33,"loc":{"start":{"line":33,"column":5},"end":{"line":33,"column":17}}},"3":{"name":"(anonymous_3)","line":37,"loc":{"start":{"line":37,"column":24},"end":{"line":37,"column":36}}},"4":{"name":"(anonymous_4)","line":69,"loc":{"start":{"line":69,"column":31},"end":{"line":69,"column":48}},"skip":true},"5":{"name":"(anonymous_5)","line":78,"loc":{"start":{"line":78,"column":26},"end":{"line":78,"column":45}},"skip":true},"6":{"name":"(anonymous_6)","line":123,"loc":{"start":{"line":123,"column":33},"end":{"line":123,"column":48}},"skip":true},"7":{"name":"(anonymous_7)","line":125,"loc":{"start":{"line":125,"column":27},"end":{"line":125,"column":39}},"skip":true},"8":{"name":"(anonymous_8)","line":133,"loc":{"start":{"line":133,"column":59},"end":{"line":133,"column":74}},"skip":true},"9":{"name":"(anonymous_9)","line":143,"loc":{"start":{"line":143,"column":45},"end":{"line":143,"column":62}},"skip":true},"10":{"name":"(anonymous_10)","line":144,"loc":{"start":{"line":144,"column":73},"end":{"line":144,"column":92}},"skip":true},"11":{"name":"(anonymous_11)","line":272,"loc":{"start":{"line":272,"column":51},"end":{"line":272,"column":77}},"skip":true},"12":{"name":"(anonymous_12)","line":315,"loc":{"start":{"line":315,"column":32},"end":{"line":315,"column":61}},"skip":true}},"statementMap":{"1":{"start":{"line":26,"column":0},"end":{"line":326,"column":5}},"2":{"start":{"line":28,"column":4},"end":{"line":28,"column":14}},"3":{"start":{"line":33,"column":4},"end":{"line":60,"column":9}},"4":{"start":{"line":35,"column":8},"end":{"line":35,"column":19}},"5":{"start":{"line":37,"column":8},"end":{"line":49,"column":13}},"6":{"start":{"line":38,"column":12},"end":{"line":48,"column":13}},"7":{"start":{"line":39,"column":16},"end":{"line":42,"column":30}},"8":{"start":{"line":44,"column":16},"end":{"line":47,"column":27}},"9":{"start":{"line":51,"column":8},"end":{"line":53,"column":21}},"10":{"start":{"line":55,"column":8},"end":{"line":57,"column":45}},"11":{"start":{"line":59,"column":8},"end":{"line":59,"column":35}},"12":{"start":{"line":61,"column":4},"end":{"line":325,"column":5}},"13":{"start":{"line":69,"column":8},"end":{"line":121,"column":10},"skip":true},"14":{"start":{"line":70,"column":12},"end":{"line":88,"column":13},"skip":true},"15":{"start":{"line":76,"column":16},"end":{"line":87,"column":19},"skip":true},"16":{"start":{"line":79,"column":20},"end":{"line":86,"column":21},"skip":true},"17":{"start":{"line":82,"column":24},"end":{"line":82,"column":43},"skip":true},"18":{"start":{"line":83,"column":24},"end":{"line":83,"column":30},"skip":true},"19":{"start":{"line":85,"column":24},"end":{"line":85,"column":49},"skip":true},"20":{"start":{"line":89,"column":12},"end":{"line":107,"column":13},"skip":true},"21":{"start":{"line":92,"column":16},"end":{"line":102,"column":17},"skip":true},"22":{"start":{"line":93,"column":20},"end":{"line":93,"column":86},"skip":true},"23":{"start":{"line":94,"column":20},"end":{"line":95,"column":45},"skip":true},"24":{"start":{"line":96,"column":20},"end":{"line":96,"column":42},"skip":true},"25":{"start":{"line":97,"column":20},"end":{"line":97,"column":48},"skip":true},"26":{"start":{"line":100,"column":20},"end":{"line":100,"column":85},"skip":true},"27":{"start":{"line":101,"column":20},"end":{"line":101,"column":96},"skip":true},"28":{"start":{"line":103,"column":16},"end":{"line":103,"column":22},"skip":true},"29":{"start":{"line":106,"column":16},"end":{"line":106,"column":22},"skip":true},"30":{"start":{"line":108,"column":12},"end":{"line":120,"column":13},"skip":true},"31":{"start":{"line":114,"column":16},"end":{"line":119,"column":17},"skip":true},"32":{"start":{"line":116,"column":20},"end":{"line":116,"column":78},"skip":true},"33":{"start":{"line":118,"column":20},"end":{"line":118,"column":47},"skip":true},"34":{"start":{"line":123,"column":8},"end":{"line":141,"column":11},"skip":true},"35":{"start":{"line":124,"column":12},"end":{"line":124,"column":54},"skip":true},"36":{"start":{"line":125,"column":12},"end":{"line":140,"column":14},"skip":true},"37":{"start":{"line":126,"column":16},"end":{"line":126,"column":28},"skip":true},"38":{"start":{"line":127,"column":16},"end":{"line":127,"column":69},"skip":true},"39":{"start":{"line":128,"column":16},"end":{"line":128,"column":75},"skip":true},"40":{"start":{"line":129,"column":16},"end":{"line":131,"column":17},"skip":true},"41":{"start":{"line":130,"column":20},"end":{"line":130,"column":27},"skip":true},"42":{"start":{"line":133,"column":16},"end":{"line":137,"column":36},"skip":true},"43":{"start":{"line":134,"column":20},"end":{"line":136,"column":55},"skip":true},"44":{"start":{"line":139,"column":16},"end":{"line":139,"column":57},"skip":true},"45":{"start":{"line":143,"column":8},"end":{"line":147,"column":11},"skip":true},"46":{"start":{"line":144,"column":12},"end":{"line":146,"column":15},"skip":true},"47":{"start":{"line":145,"column":16},"end":{"line":145,"column":70},"skip":true},"48":{"start":{"line":149,"column":8},"end":{"line":149,"column":31},"skip":true},"49":{"start":{"line":150,"column":8},"end":{"line":150,"column":14},"skip":true},"50":{"start":{"line":158,"column":8},"end":{"line":158,"column":31},"skip":true},"51":{"start":{"line":160,"column":8},"end":{"line":160,"column":33},"skip":true},"52":{"start":{"line":161,"column":8},"end":{"line":161,"column":37},"skip":true},"53":{"start":{"line":162,"column":8},"end":{"line":162,"column":35},"skip":true},"54":{"start":{"line":164,"column":8},"end":{"line":164,"column":50},"skip":true},"55":{"start":{"line":166,"column":8},"end":{"line":256,"column":2},"skip":true},"56":{"start":{"line":258,"column":8},"end":{"line":286,"column":9},"skip":true},"57":{"start":{"line":259,"column":12},"end":{"line":269,"column":14},"skip":true},"58":{"start":{"line":271,"column":12},"end":{"line":285,"column":19},"skip":true},"59":{"start":{"line":274,"column":20},"end":{"line":274,"column":35},"skip":true},"60":{"start":{"line":275,"column":20},"end":{"line":284,"column":21},"skip":true},"61":{"start":{"line":277,"column":24},"end":{"line":277,"column":64},"skip":true},"62":{"start":{"line":279,"column":24},"end":{"line":279,"column":40},"skip":true},"63":{"start":{"line":281,"column":24},"end":{"line":281,"column":40},"skip":true},"64":{"start":{"line":283,"column":24},"end":{"line":283,"column":39},"skip":true},"65":{"start":{"line":288,"column":8},"end":{"line":290,"column":9},"skip":true},"66":{"start":{"line":289,"column":12},"end":{"line":289,"column":18},"skip":true},"67":{"start":{"line":291,"column":8},"end":{"line":293,"column":54},"skip":true},"68":{"start":{"line":296,"column":8},"end":{"line":301,"column":37},"skip":true},"69":{"start":{"line":303,"column":8},"end":{"line":303,"column":82},"skip":true},"70":{"start":{"line":306,"column":8},"end":{"line":308,"column":9},"skip":true},"71":{"start":{"line":307,"column":12},"end":{"line":307,"column":82},"skip":true},"72":{"start":{"line":310,"column":8},"end":{"line":312,"column":9},"skip":true},"73":{"start":{"line":311,"column":12},"end":{"line":311,"column":18},"skip":true},"74":{"start":{"line":313,"column":8},"end":{"line":313,"column":54},"skip":true},"75":{"start":{"line":314,"column":8},"end":{"line":314,"column":69},"skip":true},"76":{"start":{"line":315,"column":8},"end":{"line":323,"column":36},"skip":true},"77":{"start":{"line":316,"column":12},"end":{"line":316,"column":61},"skip":true},"78":{"start":{"line":317,"column":12},"end":{"line":320,"column":13},"skip":true},"79":{"start":{"line":318,"column":16},"end":{"line":318,"column":75},"skip":true},"80":{"start":{"line":319,"column":16},"end":{"line":319,"column":23},"skip":true},"81":{"start":{"line":321,"column":12},"end":{"line":321,"column":38},"skip":true},"82":{"start":{"line":322,"column":12},"end":{"line":322,"column":27},"skip":true},"83":{"start":{"line":324,"column":8},"end":{"line":324,"column":14},"skip":true}},"branchMap":{"1":{"line":39,"type":"binary-expr","locations":[{"start":{"line":39,"column":23},"end":{"line":39,"column":62}},{"start":{"line":40,"column":20},"end":{"line":40,"column":70}},{"start":{"line":41,"column":20},"end":{"line":41,"column":71}},{"start":{"line":42,"column":20},"end":{"line":42,"column":29}}]},"2":{"line":44,"type":"binary-expr","locations":[{"start":{"line":44,"column":23},"end":{"line":44,"column":37}},{"start":{"line":45,"column":20},"end":{"line":45,"column":61}},{"start":{"line":46,"column":20},"end":{"line":46,"column":70}},{"start":{"line":47,"column":20},"end":{"line":47,"column":26}}]},"3":{"line":51,"type":"cond-expr","locations":[{"start":{"line":52,"column":14},"end":{"line":52,"column":20}},{"start":{"line":53,"column":14},"end":{"line":53,"column":20}}]},"4":{"line":55,"type":"binary-expr","locations":[{"start":{"line":55,"column":16},"end":{"line":55,"column":44}},{"start":{"line":55,"column":49},"end":{"line":57,"column":43}}]},"5":{"line":55,"type":"cond-expr","locations":[{"start":{"line":56,"column":14},"end":{"line":56,"column":55}},{"start":{"line":57,"column":14},"end":{"line":57,"column":43}}]},"6":{"line":61,"type":"switch","locations":[{"start":{"line":68,"column":4},"end":{"line":150,"column":14},"skip":true},{"start":{"line":156,"column":4},"end":{"line":324,"column":14},"skip":true}]},"7":{"line":70,"type":"if","locations":[{"start":{"line":70,"column":12},"end":{"line":70,"column":12},"skip":true},{"start":{"line":70,"column":12},"end":{"line":70,"column":12},"skip":true}]},"8":{"line":70,"type":"binary-expr","locations":[{"start":{"line":70,"column":16},"end":{"line":70,"column":22},"skip":true},{"start":{"line":70,"column":27},"end":{"line":70,"column":32},"skip":true},{"start":{"line":71,"column":20},"end":{"line":71,"column":39},"skip":true},{"start":{"line":72,"column":20},"end":{"line":72,"column":49},"skip":true},{"start":{"line":73,"column":20},"end":{"line":73,"column":58},"skip":true},{"start":{"line":74,"column":20},"end":{"line":74,"column":69},"skip":true}]},"9":{"line":79,"type":"switch","locations":[{"start":{"line":80,"column":20},"end":{"line":80,"column":33},"skip":true},{"start":{"line":81,"column":20},"end":{"line":83,"column":30},"skip":true},{"start":{"line":84,"column":20},"end":{"line":85,"column":49},"skip":true}]},"10":{"line":89,"type":"switch","locations":[{"start":{"line":90,"column":12},"end":{"line":103,"column":22},"skip":true},{"start":{"line":105,"column":12},"end":{"line":106,"column":22},"skip":true}]},"11":{"line":89,"type":"binary-expr","locations":[{"start":{"line":89,"column":20},"end":{"line":89,"column":25},"skip":true},{"start":{"line":89,"column":29},"end":{"line":89,"column":48},"skip":true},{"start":{"line":89,"column":52},"end":{"line":89,"column":74},"skip":true}]},"12":{"line":92,"type":"if","locations":[{"start":{"line":92,"column":16},"end":{"line":92,"column":16},"skip":true},{"start":{"line":92,"column":16},"end":{"line":92,"column":16},"skip":true}]},"13":{"line":108,"type":"if","locations":[{"start":{"line":108,"column":12},"end":{"line":108,"column":12},"skip":true},{"start":{"line":108,"column":12},"end":{"line":108,"column":12},"skip":true}]},"14":{"line":108,"type":"binary-expr","locations":[{"start":{"line":108,"column":16},"end":{"line":108,"column":61},"skip":true},{"start":{"line":108,"column":66},"end":{"line":108,"column":72},"skip":true},{"start":{"line":108,"column":77},"end":{"line":108,"column":82},"skip":true},{"start":{"line":109,"column":20},"end":{"line":109,"column":39},"skip":true},{"start":{"line":110,"column":20},"end":{"line":110,"column":49},"skip":true},{"start":{"line":111,"column":20},"end":{"line":111,"column":58},"skip":true},{"start":{"line":112,"column":20},"end":{"line":112,"column":68},"skip":true}]},"15":{"line":129,"type":"if","locations":[{"start":{"line":129,"column":16},"end":{"line":129,"column":16},"skip":true},{"start":{"line":129,"column":16},"end":{"line":129,"column":16},"skip":true}]},"16":{"line":134,"type":"cond-expr","locations":[{"start":{"line":135,"column":26},"end":{"line":135,"column":29},"skip":true},{"start":{"line":136,"column":26},"end":{"line":136,"column":54},"skip":true}]},"17":{"line":164,"type":"binary-expr","locations":[{"start":{"line":164,"column":27},"end":{"line":164,"column":43},"skip":true},{"start":{"line":164,"column":47},"end":{"line":164,"column":49},"skip":true}]},"18":{"line":258,"type":"if","locations":[{"start":{"line":258,"column":8},"end":{"line":258,"column":8},"skip":true},{"start":{"line":258,"column":8},"end":{"line":258,"column":8},"skip":true}]},"19":{"line":275,"type":"switch","locations":[{"start":{"line":276,"column":20},"end":{"line":277,"column":64},"skip":true},{"start":{"line":278,"column":20},"end":{"line":279,"column":40},"skip":true},{"start":{"line":280,"column":20},"end":{"line":281,"column":40},"skip":true},{"start":{"line":282,"column":20},"end":{"line":283,"column":39},"skip":true}]},"20":{"line":288,"type":"if","locations":[{"start":{"line":288,"column":8},"end":{"line":288,"column":8},"skip":true},{"start":{"line":288,"column":8},"end":{"line":288,"column":8},"skip":true}]},"21":{"line":288,"type":"binary-expr","locations":[{"start":{"line":288,"column":12},"end":{"line":288,"column":40},"skip":true},{"start":{"line":288,"column":44},"end":{"line":288,"column":67},"skip":true}]},"22":{"line":292,"type":"binary-expr","locations":[{"start":{"line":292,"column":12},"end":{"line":292,"column":50},"skip":true},{"start":{"line":293,"column":12},"end":{"line":293,"column":53},"skip":true}]},"23":{"line":297,"type":"binary-expr","locations":[{"start":{"line":297,"column":12},"end":{"line":297,"column":69},"skip":true},{"start":{"line":298,"column":12},"end":{"line":301,"column":36},"skip":true}]},"24":{"line":303,"type":"binary-expr","locations":[{"start":{"line":303,"column":43},"end":{"line":303,"column":75},"skip":true},{"start":{"line":303,"column":79},"end":{"line":303,"column":81},"skip":true}]},"25":{"line":306,"type":"if","locations":[{"start":{"line":306,"column":8},"end":{"line":306,"column":8},"skip":true},{"start":{"line":306,"column":8},"end":{"line":306,"column":8},"skip":true}]},"26":{"line":310,"type":"if","locations":[{"start":{"line":310,"column":8},"end":{"line":310,"column":8},"skip":true},{"start":{"line":310,"column":8},"end":{"line":310,"column":8},"skip":true}]},"27":{"line":313,"type":"binary-expr","locations":[{"start":{"line":313,"column":27},"end":{"line":313,"column":43},"skip":true},{"start":{"line":313,"column":47},"end":{"line":313,"column":53},"skip":true}]},"28":{"line":317,"type":"if","locations":[{"start":{"line":317,"column":12},"end":{"line":317,"column":12},"skip":true},{"start":{"line":317,"column":12},"end":{"line":317,"column":12},"skip":true}]}},"code":["/*","example.js","","quickstart example","","instruction","    1. save this script as example.js","    2. run the shell command:","        $ npm install npmtest-ng-img-crop && PORT=8081 node example.js","    3. play with the browser-demo on http://127.0.0.1:8081","*/","","","","/* istanbul instrument in package npmtest_ng_img_crop */","/*jslint","    bitwise: true,","    browser: true,","    maxerr: 8,","    maxlen: 96,","    node: true,","    nomen: true,","    regexp: true,","    stupid: true","*/","(function () {","    'use strict';","    var local;","","","","    // run shared js-env code - init-before","    (function () {","        // init local","        local = {};","        // init modeJs","        local.modeJs = (function () {","            try {","                return typeof navigator.userAgent === 'string' &&","                    typeof document.querySelector('body') === 'object' &&","                    typeof XMLHttpRequest.prototype.open === 'function' &&","                    'browser';","            } catch (errorCaughtBrowser) {","                return module.exports &&","                    typeof process.versions.node === 'string' &&","                    typeof require('http').createServer === 'function' &&","                    'node';","            }","        }());","        // init global","        local.global = local.modeJs === 'browser'","            ? window","            : global;","        // init utility2_rollup","        local = local.global.utility2_rollup || (local.modeJs === 'browser'","            ? local.global.utility2_npmtest_ng_img_crop","            : global.utility2_moduleExports);","        // export local","        local.global.local = local;","    }());","    switch (local.modeJs) {","","","","    // init-after","    // run browser js-env code - init-after","    /* istanbul ignore next */","    case 'browser':","        local.testRunBrowser = function (event) {","            if (!event || (event &&","                    event.currentTarget &&","                    event.currentTarget.className &&","                    event.currentTarget.className.includes &&","                    event.currentTarget.className.includes('onreset'))) {","                // reset output","                Array.from(","                    document.querySelectorAll('body > .resettable')","                ).forEach(function (element) {","                    switch (element.tagName) {","                    case 'INPUT':","                    case 'TEXTAREA':","                        element.value = '';","                        break;","                    default:","                        element.textContent = '';","                    }","                });","            }","            switch (event && event.currentTarget && event.currentTarget.id) {","            case 'testRunButton1':","                // show tests","                if (document.querySelector('#testReportDiv1').style.display === 'none') {","                    document.querySelector('#testReportDiv1').style.display = 'block';","                    document.querySelector('#testRunButton1').textContent =","                        'hide internal test';","                    local.modeTest = true;","                    local.testRunDefault(local);","                // hide tests","                } else {","                    document.querySelector('#testReportDiv1').style.display = 'none';","                    document.querySelector('#testRunButton1').textContent = 'run internal test';","                }","                break;","            // custom-case","            default:","                break;","            }","            if (document.querySelector('#inputTextareaEval1') && (!event || (event &&","                    event.currentTarget &&","                    event.currentTarget.className &&","                    event.currentTarget.className.includes &&","                    event.currentTarget.className.includes('oneval')))) {","                // try to eval input-code","                try {","                    /*jslint evil: true*/","                    eval(document.querySelector('#inputTextareaEval1').value);","                } catch (errorCaught) {","                    console.error(errorCaught);","                }","            }","        };","        // log stderr and stdout to #outputTextareaStdout1","        ['error', 'log'].forEach(function (key) {","            console[key + '_original'] = console[key];","            console[key] = function () {","                var element;","                console[key + '_original'].apply(console, arguments);","                element = document.querySelector('#outputTextareaStdout1');","                if (!element) {","                    return;","                }","                // append text to #outputTextareaStdout1","                element.value += Array.from(arguments).map(function (arg) {","                    return typeof arg === 'string'","                        ? arg","                        : JSON.stringify(arg, null, 4);","                }).join(' ') + '\\n';","                // scroll textarea to bottom","                element.scrollTop = element.scrollHeight;","            };","        });","        // init event-handling","        ['change', 'click', 'keyup'].forEach(function (event) {","            Array.from(document.querySelectorAll('.on' + event)).forEach(function (element) {","                element.addEventListener(event, local.testRunBrowser);","            });","        });","        // run tests","        local.testRunBrowser();","        break;","","","","    // run node js-env code - init-after","    /* istanbul ignore next */","    case 'node':","        // export local","        module.exports = local;","        // require modules","        local.fs = require('fs');","        local.http = require('http');","        local.url = require('url');","        // init assets","        local.assetsDict = local.assetsDict || {};","        /* jslint-ignore-begin */","        local.assetsDict['/assets.index.template.html'] = '\\","<!doctype html>\\n\\","<html lang=\"en\">\\n\\","<head>\\n\\","<meta charset=\"UTF-8\">\\n\\","<meta name=\"viewport\" content=\"width=device-width, initial-scale=1\">\\n\\","<title>{{env.npm_package_name}} (v{{env.npm_package_version}})</title>\\n\\","<style>\\n\\","/*csslint\\n\\","    box-sizing: false,\\n\\","    universal-selector: false\\n\\","*/\\n\\","* {\\n\\","    box-sizing: border-box;\\n\\","}\\n\\","body {\\n\\","    background: #dde;\\n\\","    font-family: Arial, Helvetica, sans-serif;\\n\\","    margin: 2rem;\\n\\","}\\n\\","body > * {\\n\\","    margin-bottom: 1rem;\\n\\","}\\n\\",".utility2FooterDiv {\\n\\","    margin-top: 20px;\\n\\","    text-align: center;\\n\\","}\\n\\","</style>\\n\\","<style>\\n\\","/*csslint\\n\\","*/\\n\\","textarea {\\n\\","    font-family: monospace;\\n\\","    height: 10rem;\\n\\","    width: 100%;\\n\\","}\\n\\","textarea[readonly] {\\n\\","    background: #ddd;\\n\\","}\\n\\","</style>\\n\\","</head>\\n\\","<body>\\n\\","<!-- utility2-comment\\n\\","<div id=\"ajaxProgressDiv1\" style=\"background: #d00; height: 2px; left: 0; margin: 0; padding: 0; position: fixed; top: 0; transition: background 0.5s, width 1.5s; width: 25%;\"></div>\\n\\","utility2-comment -->\\n\\","<h1>\\n\\","<!-- utility2-comment\\n\\","    <a\\n\\","        {{#if env.npm_package_homepage}}\\n\\","        href=\"{{env.npm_package_homepage}}\"\\n\\","        {{/if env.npm_package_homepage}}\\n\\","        target=\"_blank\"\\n\\","    >\\n\\","utility2-comment -->\\n\\","        {{env.npm_package_name}} (v{{env.npm_package_version}})\\n\\","<!-- utility2-comment\\n\\","    </a>\\n\\","utility2-comment -->\\n\\","</h1>\\n\\","<h3>{{env.npm_package_description}}</h3>\\n\\","<!-- utility2-comment\\n\\","<h4><a download href=\"assets.app.js\">download standalone app</a></h4>\\n\\","<button class=\"onclick onreset\" id=\"testRunButton1\">run internal test</button><br>\\n\\","<div id=\"testReportDiv1\" style=\"display: none;\"></div>\\n\\","utility2-comment -->\\n\\","\\n\\","\\n\\","\\n\\","<label>stderr and stdout</label>\\n\\","<textarea class=\"resettable\" id=\"outputTextareaStdout1\" readonly></textarea>\\n\\","<!-- utility2-comment\\n\\","{{#if isRollup}}\\n\\","<script src=\"assets.app.js\"></script>\\n\\","{{#unless isRollup}}\\n\\","utility2-comment -->\\n\\","<script src=\"assets.utility2.rollup.js\"></script>\\n\\","<script src=\"jsonp.utility2._stateInit?callback=window.utility2._stateInit\"></script>\\n\\","<script src=\"assets.npmtest_ng_img_crop.rollup.js\"></script>\\n\\","<script src=\"assets.example.js\"></script>\\n\\","<script src=\"assets.test.js\"></script>\\n\\","<!-- utility2-comment\\n\\","{{/if isRollup}}\\n\\","utility2-comment -->\\n\\","<div class=\"utility2FooterDiv\">\\n\\","    [ this app was created with\\n\\","    <a href=\"https://github.com/kaizhu256/node-utility2\" target=\"_blank\">utility2</a>\\n\\","    ]\\n\\","</div>\\n\\","</body>\\n\\","</html>\\n\\","';","        /* jslint-ignore-end */","        if (local.templateRender) {","            local.assetsDict['/'] = local.templateRender(","                local.assetsDict['/assets.index.template.html'],","                {","                    env: local.objectSetDefault(local.env, {","                        npm_package_description: 'the greatest app in the world!',","                        npm_package_name: 'my-app',","                        npm_package_nameAlias: 'my_app',","                        npm_package_version: '0.0.1'","                    })","                }","            );","        } else {","            local.assetsDict['/'] = local.assetsDict['/assets.index.template.html']","                .replace((/\\{\\{env\\.(\\w+?)\\}\\}/g), function (match0, match1) {","                    // jslint-hack","                    String(match0);","                    switch (match1) {","                    case 'npm_package_description':","                        return 'the greatest app in the world!';","                    case 'npm_package_name':","                        return 'my-app';","                    case 'npm_package_nameAlias':","                        return 'my_app';","                    case 'npm_package_version':","                        return '0.0.1';","                    }","                });","        }","        // run the cli","        if (local.global.utility2_rollup || module !== require.main) {","            break;","        }","        local.assetsDict['/assets.example.js'] =","            local.assetsDict['/assets.example.js'] ||","            local.fs.readFileSync(__filename, 'utf8');","        // bug-workaround - long $npm_package_buildCustomOrg","        /* jslint-ignore-begin */","        local.assetsDict['/assets.npmtest_ng_img_crop.rollup.js'] =","            local.assetsDict['/assets.npmtest_ng_img_crop.rollup.js'] ||","            local.fs.readFileSync(","                local.npmtest_ng_img_crop.__dirname + '/lib.npmtest_ng_img_crop.js',","                'utf8'","            ).replace((/^#!/), '//');","        /* jslint-ignore-end */","        local.assetsDict['/favicon.ico'] = local.assetsDict['/favicon.ico'] || '';","        // if $npm_config_timeout_exit exists,","        // then exit this process after $npm_config_timeout_exit ms","        if (Number(process.env.npm_config_timeout_exit)) {","            setTimeout(process.exit, Number(process.env.npm_config_timeout_exit));","        }","        // start server","        if (local.global.utility2_serverHttp1) {","            break;","        }","        process.env.PORT = process.env.PORT || '8081';","        console.error('server starting on port ' + process.env.PORT);","        local.http.createServer(function (request, response) {","            request.urlParsed = local.url.parse(request.url);","            if (local.assetsDict[request.urlParsed.pathname] !== undefined) {","                response.end(local.assetsDict[request.urlParsed.pathname]);","                return;","            }","            response.statusCode = 404;","            response.end();","        }).listen(process.env.PORT);","        break;","    }","}());",""],"l":{"26":2,"28":2,"33":2,"35":2,"37":2,"38":2,"39":2,"44":1,"51":2,"55":2,"59":2,"61":2,"69":1,"70":2,"76":2,"79":2,"82":2,"83":2,"85":1,"89":2,"92":1,"93":1,"94":1,"96":1,"97":1,"100":1,"101":1,"103":1,"106":1,"108":2,"114":1,"116":1,"118":1,"123":1,"124":2,"125":2,"126":3,"127":3,"128":3,"129":3,"130":1,"133":3,"134":3,"139":3,"143":1,"144":3,"145":1,"149":1,"150":1,"158":1,"160":1,"161":1,"162":1,"164":1,"166":1,"258":1,"259":1,"271":1,"274":6,"275":6,"277":1,"279":2,"281":1,"283":2,"288":1,"289":1,"291":1,"296":1,"303":1,"306":1,"307":1,"310":1,"311":1,"313":1,"314":1,"315":1,"316":1,"317":1,"318":1,"319":1,"321":1,"322":1,"324":1}},"/home/travis/build/npmtest/node-npmtest-ng-img-crop/node_modules/ng-img-crop/gulpfile.js":{"path":"/home/travis/build/npmtest/node-npmtest-ng-img-crop/node_modules/ng-img-crop/gulpfile.js","s":{"1":2,"2":0,"3":0,"4":0,"5":0,"6":0,"7":0,"8":0,"9":0,"10":0,"11":0,"12":0,"13":0,"14":0,"15":0,"16":0,"17":0,"18":0,"19":0,"20":0,"21":0,"22":0,"23":0,"24":0,"25":0,"26":0,"27":0,"28":0,"29":0,"30":0,"31":0,"32":0,"33":0,"34":0,"35":0,"36":0},"b":{"1":[0,0],"2":[0,0],"3":[0,0]},"f":{"1":0,"2":0,"3":0,"4":0,"5":0,"6":0,"7":0,"8":0,"9":0,"10":0,"11":0,"12":0,"13":0,"14":0},"fnMap":{"1":{"name":"(anonymous_1)","line":68,"loc":{"start":{"line":68,"column":20},"end":{"line":68,"column":30}}},"2":{"name":"(anonymous_2)","line":80,"loc":{"start":{"line":80,"column":21},"end":{"line":80,"column":31}}},"3":{"name":"(anonymous_3)","line":88,"loc":{"start":{"line":88,"column":15},"end":{"line":88,"column":29}}},"4":{"name":"(anonymous_4)","line":103,"loc":{"start":{"line":103,"column":27},"end":{"line":103,"column":37}}},"5":{"name":"(anonymous_5)","line":107,"loc":{"start":{"line":107,"column":28},"end":{"line":107,"column":38}}},"6":{"name":"(anonymous_6)","line":111,"loc":{"start":{"line":111,"column":51},"end":{"line":111,"column":61}}},"7":{"name":"(anonymous_7)","line":118,"loc":{"start":{"line":118,"column":52},"end":{"line":118,"column":62}}},"8":{"name":"(anonymous_8)","line":125,"loc":{"start":{"line":125,"column":20},"end":{"line":125,"column":30}}},"9":{"name":"(anonymous_9)","line":134,"loc":{"start":{"line":134,"column":24},"end":{"line":134,"column":34}}},"10":{"name":"(anonymous_10)","line":136,"loc":{"start":{"line":136,"column":35},"end":{"line":136,"column":49}}},"11":{"name":"(anonymous_11)","line":145,"loc":{"start":{"line":145,"column":19},"end":{"line":145,"column":29}}},"12":{"name":"(anonymous_12)","line":152,"loc":{"start":{"line":152,"column":5},"end":{"line":152,"column":18}}},"13":{"name":"(anonymous_13)","line":162,"loc":{"start":{"line":162,"column":18},"end":{"line":162,"column":29}}},"14":{"name":"(anonymous_14)","line":172,"loc":{"start":{"line":172,"column":77},"end":{"line":172,"column":87}}}},"statementMap":{"1":{"start":{"line":2,"column":0},"end":{"line":22,"column":15}},"2":{"start":{"line":24,"column":0},"end":{"line":24,"column":23}},"3":{"start":{"line":28,"column":0},"end":{"line":62,"column":2}},"4":{"start":{"line":68,"column":0},"end":{"line":77,"column":3}},"5":{"start":{"line":69,"column":2},"end":{"line":76,"column":57}},"6":{"start":{"line":80,"column":0},"end":{"line":99,"column":3}},"7":{"start":{"line":81,"column":2},"end":{"line":98,"column":56}},"8":{"start":{"line":91,"column":8},"end":{"line":92,"column":49}},"9":{"start":{"line":103,"column":0},"end":{"line":106,"column":3}},"10":{"start":{"line":104,"column":2},"end":{"line":105,"column":19}},"11":{"start":{"line":107,"column":0},"end":{"line":110,"column":3}},"12":{"start":{"line":108,"column":2},"end":{"line":109,"column":19}},"13":{"start":{"line":111,"column":0},"end":{"line":117,"column":3}},"14":{"start":{"line":112,"column":2},"end":{"line":116,"column":54}},"15":{"start":{"line":118,"column":0},"end":{"line":122,"column":3}},"16":{"start":{"line":119,"column":2},"end":{"line":121,"column":55}},"17":{"start":{"line":125,"column":0},"end":{"line":131,"column":3}},"18":{"start":{"line":126,"column":2},"end":{"line":129,"column":25}},"19":{"start":{"line":130,"column":2},"end":{"line":130,"column":55}},"20":{"start":{"line":134,"column":0},"end":{"line":142,"column":3}},"21":{"start":{"line":135,"column":2},"end":{"line":135,"column":16}},"22":{"start":{"line":136,"column":2},"end":{"line":140,"column":5}},"23":{"start":{"line":137,"column":4},"end":{"line":139,"column":5}},"24":{"start":{"line":138,"column":6},"end":{"line":138,"column":42}},"25":{"start":{"line":141,"column":2},"end":{"line":141,"column":25}},"26":{"start":{"line":145,"column":0},"end":{"line":155,"column":3}},"27":{"start":{"line":146,"column":2},"end":{"line":146,"column":66}},"28":{"start":{"line":147,"column":2},"end":{"line":147,"column":65}},"29":{"start":{"line":148,"column":2},"end":{"line":154,"column":5}},"30":{"start":{"line":153,"column":4},"end":{"line":153,"column":33}},"31":{"start":{"line":162,"column":0},"end":{"line":166,"column":3}},"32":{"start":{"line":163,"column":2},"end":{"line":165,"column":42}},"33":{"start":{"line":169,"column":0},"end":{"line":169,"column":44}},"34":{"start":{"line":172,"column":0},"end":{"line":177,"column":3}},"35":{"start":{"line":174,"column":2},"end":{"line":176,"column":3}},"36":{"start":{"line":175,"column":4},"end":{"line":175,"column":63}}},"branchMap":{"1":{"line":32,"type":"cond-expr","locations":[{"start":{"line":32,"column":46},"end":{"line":32,"column":58}},{"start":{"line":32,"column":61},"end":{"line":32,"column":65}}]},"2":{"line":137,"type":"if","locations":[{"start":{"line":137,"column":4},"end":{"line":137,"column":4}},{"start":{"line":137,"column":4},"end":{"line":137,"column":4}}]},"3":{"line":174,"type":"if","locations":[{"start":{"line":174,"column":2},"end":{"line":174,"column":2}},{"start":{"line":174,"column":2},"end":{"line":174,"column":2}}]}},"code":["'use strict';","var argv         = require('minimist')(process.argv.slice(2)),","    gulp         = require('gulp'),","    header       = require('gulp-header'),","    gutil        = require('gulp-util'),","    ngAnnotate   = require('gulp-ng-annotate'),","    compass      = require('gulp-compass'),","    refresh      = require('gulp-livereload'),","    prefix       = require('gulp-autoprefixer'),","    minifyCss    = require('gulp-minify-css'),","    uglify       = require('gulp-uglify'),","    clean        = require('gulp-rimraf'),","    concat       = require('gulp-concat-util'),","    express      = require('express'),","    express_lr   = require('connect-livereload'),","    tinylr       = require('tiny-lr'),","    opn          = require('opn'),","    jshint       = require('gulp-jshint'),","    jshintStylish= require('jshint-stylish'),","    pkg          = require('./package.json'),","    lr,","    refresh_lr;","","var today = new Date();","","// Configuration","","var Config = {","  port: 9000,","  livereloadPort: 35728,","  testPage: 'test/ng-img-crop.html',","  cache: (typeof argv.cache !== 'undefined' ? !!argv.cache : true),","  paths: {","    source:   {","      root:   'source',","      js:     'source/js',","      scss:   'source/scss'","    },","    compileUnminified: {","      root:   'compile/unminified',","      js:     'compile/unminified',","      css:    'compile/unminified'","    },","    compileMinified: {","      root:   'compile/minified',","      js:     'compile/minified',","      css:    'compile/minified'","    }","  },","  banners: {","    unminified: '/*!\\n' +","                ' * ' + pkg.prettyName + ' v' + pkg.version + '\\n' +","                ' * ' + pkg.homepage + '\\n' +","                ' *\\n' +","                ' * Copyright (c) ' + (today.getFullYear()) + ' ' + pkg.author.name +'\\n' +","                ' * License: ' + pkg.license + '\\n' +","                ' *\\n' +","                ' * Generated at ' + gutil.date(today, 'dddd, mmmm dS, yyyy, h:MM:ss TT') + '\\n' +","                ' */',","    minified: '/*! ' + pkg.prettyName + ' v' + pkg.version + ' License: ' + pkg.license + ' */'","  }","};","","// Tasks","// =====","","// Compile Styles","gulp.task('styles', function(){","  return gulp.src(Config.paths.source.scss + '/'+pkg.name+'.scss')","    .pipe(compass({","      sass: Config.paths.source.scss,","      css: Config.paths.compileUnminified.css,","      errLogToConsole: true","    }))","    .pipe(prefix('last 2 version', '> 5%', 'safari 5', 'ie 8', 'ie 7', 'opera 12.1', 'ios 6', 'android 4'))","    .pipe(gulp.dest(Config.paths.compileUnminified.css));","});","","// Compile Scripts","gulp.task('scripts', function(){","  return gulp.src([","      Config.paths.source.js + '/init.js',","      Config.paths.source.js + '/classes/*.js',","      Config.paths.source.js + '/ng-img-crop.js'","    ])","    .pipe(concat(pkg.name+'.js', {","      separator: '\\n\\n',","      process: function(src) {","        // Remove all 'use strict'; from the code and","        // replaces all double blank lines with one","        return src.replace(/'use strict';\\n+/g, '')","                  .replace(/\\n\\n\\s*\\n/g, '\\n\\n');","      }","    }))","    .pipe(concat.header(Config.banners.unminified + '\\n' +","                        '(function() {\\n\\'use strict\\';\\n\\n'))","    .pipe(concat.footer('\\n}());'))","    .pipe(gulp.dest(Config.paths.compileUnminified.js));","});","","","// Make a Distrib","gulp.task('dist:js:clean', function(){","  return gulp.src([Config.paths.compileMinified.root + '/**/*.js'], { read: false })","    .pipe(clean());","});","gulp.task('dist:css:clean', function(){","  return gulp.src([Config.paths.compileMinified.root + '/**/*.css'], { read: false })","    .pipe(clean());","});","gulp.task('dist:js', ['dist:js:clean', 'scripts'], function(){","  return gulp.src(Config.paths.compileUnminified.js + '/**/*.js')","    .pipe(ngAnnotate())","    .pipe(uglify())","    .pipe(header(Config.banners.minified))","    .pipe(gulp.dest(Config.paths.compileMinified.js));","});","gulp.task('dist:css', ['dist:css:clean', 'styles'], function(){","  return gulp.src(Config.paths.compileUnminified.css + '/**/*.css')","    .pipe(minifyCss())","    .pipe(gulp.dest(Config.paths.compileMinified.css));","});","","// Server","gulp.task('server', function(){","  express()","    .use(express_lr())","    .use(express.static('.'))","    .listen(Config.port);","  gutil.log('Server listening on port ' + Config.port);","});","","// LiveReload","gulp.task('livereload', function(){","  lr = tinylr();","  lr.listen(Config.livereloadPort, function(err) {","    if(err) {","      gutil.log('Livereload error:', err);","    }","  });","  refresh_lr=refresh(lr);","});","","// Watches","gulp.task('watch', function(){","  gulp.watch(Config.paths.source.scss + '/**/*.scss', ['styles']);","  gulp.watch([Config.paths.source.js + '/**/*.js'], ['scripts']);","  gulp.watch([","    Config.paths.compileUnminified.css + '/**/*.css',","    Config.paths.compileUnminified.js + '/**/*.js',","    Config.testPage","  ], function(evt){","    refresh_lr.changed(evt.path);","  });","});","","","// User commands","// =============","","// Code linter","gulp.task('lint', function() {","  return gulp.src(Config.paths.source.js + '/**/*.js')","    .pipe(jshint())","    .pipe(jshint.reporter(jshintStylish));","});","","// Build","gulp.task('build', ['dist:js', 'dist:css']);","","// Start server and watch for changes","gulp.task('default', ['server', 'livereload', 'styles', 'scripts', 'watch'], function(){","  // use the -o arg to open the test page in the browser","  if(argv.o) {","    opn('http://localhost:' + Config.port+'/'+Config.testPage);","  }","});"],"l":{"2":2,"24":0,"28":0,"68":0,"69":0,"80":0,"81":0,"91":0,"103":0,"104":0,"107":0,"108":0,"111":0,"112":0,"118":0,"119":0,"125":0,"126":0,"130":0,"134":0,"135":0,"136":0,"137":0,"138":0,"141":0,"145":0,"146":0,"147":0,"148":0,"153":0,"162":0,"163":0,"169":0,"172":0,"174":0,"175":0}},"/home/travis/build/npmtest/node-npmtest-ng-img-crop/node_modules/ng-img-crop/compile/minified/ng-img-crop.js":{"path":"/home/travis/build/npmtest/node-npmtest-ng-img-crop/node_modules/ng-img-crop/compile/minified/ng-img-crop.js","s":{"1":2,"2":2,"3":0,"4":0,"5":0,"6":0,"7":0,"8":0,"9":0,"10":0,"11":0,"12":0,"13":0,"14":0,"15":0,"16":0,"17":0,"18":0,"19":0,"20":0,"21":0,"22":0,"23":0,"24":0,"25":0,"26":0,"27":0,"28":0,"29":0,"30":0,"31":0,"32":0,"33":0,"34":0,"35":0,"36":0,"37":0,"38":0,"39":0,"40":0,"41":0,"42":0,"43":0,"44":0,"45":0,"46":0,"47":0,"48":0,"49":0,"50":0,"51":0,"52":0,"53":0,"54":0,"55":0,"56":0,"57":0,"58":0,"59":0,"60":0,"61":0,"62":0,"63":0,"64":0,"65":0,"66":0,"67":0,"68":0,"69":0,"70":0,"71":0,"72":0,"73":0,"74":0,"75":0,"76":0,"77":0,"78":0,"79":0,"80":0,"81":0,"82":0,"83":0,"84":0,"85":0,"86":0,"87":0,"88":0,"89":0,"90":0,"91":0,"92":0,"93":0,"94":0,"95":0,"96":0,"97":0,"98":0,"99":0,"100":0,"101":0,"102":0,"103":0,"104":0,"105":0,"106":0,"107":0,"108":0,"109":0,"110":0,"111":0,"112":0,"113":0,"114":0,"115":0,"116":0,"117":0,"118":0,"119":0,"120":0,"121":0,"122":1,"123":0,"124":0,"125":0,"126":0,"127":0,"128":0,"129":0,"130":0,"131":0,"132":0,"133":0,"134":0,"135":0,"136":0,"137":0,"138":0,"139":0,"140":0,"141":0,"142":0,"143":0,"144":0,"145":0,"146":0,"147":0,"148":0,"149":0,"150":0,"151":0,"152":0,"153":0,"154":0,"155":0,"156":0,"157":0,"158":0,"159":0,"160":0,"161":0,"162":0,"163":0,"164":0,"165":0,"166":0,"167":0,"168":0,"169":0,"170":0,"171":0,"172":0,"173":0,"174":0,"175":0,"176":0,"177":0,"178":0,"179":0,"180":0,"181":0,"182":0,"183":0,"184":0,"185":0,"186":0,"187":0,"188":0},"b":{"1":[0,0,0,0],"2":[0,0],"3":[0,0],"4":[0,0],"5":[0,0],"6":[0,0],"7":[0,0],"8":[0,0],"9":[0,0],"10":[0,0],"11":[0,0],"12":[0,0],"13":[0,0,0,0],"14":[0,0],"15":[0,0,0,0],"16":[0,0],"17":[0,0],"18":[0,0],"19":[0,0],"20":[0,0,0,0],"21":[0,0],"22":[0,0],"23":[0,0,0,0],"24":[0,0],"25":[0,0],"26":[0,0],"27":[0,0],"28":[0,0],"29":[0,0],"30":[0,0],"31":[0,0],"32":[0,0],"33":[0,0],"34":[0,0],"35":[0,0],"36":[0,0],"37":[0,0,0],"38":[0,0,0],"39":[0,0,0],"40":[0,0,0],"41":[0,0],"42":[0,0],"43":[0,0],"44":[0,0],"45":[0,0],"46":[0,0],"47":[0,0],"48":[0,0],"49":[0,0],"50":[0,0],"51":[0,0],"52":[0,0],"53":[0,0],"54":[0,0],"55":[0,0],"56":[0,0],"57":[0,0],"58":[0,0],"59":[0,0],"60":[0,0],"61":[0,0],"62":[0,0],"63":[0,0],"64":[0,0],"65":[0,0],"66":[0,0],"67":[0,0]},"f":{"1":2,"2":0,"3":0,"4":0,"5":0,"6":0,"7":0,"8":0,"9":0,"10":0,"11":0,"12":0,"13":0,"14":0,"15":0,"16":0,"17":0,"18":0,"19":0,"20":0,"21":0,"22":0,"23":0,"24":0,"25":0,"26":0,"27":0,"28":0,"29":0,"30":0,"31":0,"32":0,"33":0,"34":0,"35":0,"36":0,"37":0,"38":0,"39":0,"40":0,"41":0,"42":0,"43":0,"44":0,"45":0,"46":0,"47":0,"48":0,"49":0,"50":0,"51":0,"52":0,"53":0,"54":0,"55":0,"56":0,"57":0,"58":0,"59":0,"60":0,"61":0,"62":0,"63":0,"64":0,"65":0,"66":0,"67":0,"68":0,"69":0,"70":0,"71":0,"72":0,"73":0,"74":0,"75":0,"76":0,"77":0,"78":0,"79":0,"80":0,"81":0,"82":0,"83":0,"84":0,"85":0,"86":0,"87":0,"88":0,"89":0,"90":0,"91":0,"92":0,"93":0,"94":0},"fnMap":{"1":{"name":"(anonymous_1)","line":1,"loc":{"start":{"line":1,"column":37},"end":{"line":1,"column":47}}},"2":{"name":"(anonymous_2)","line":1,"loc":{"start":{"line":1,"column":137},"end":{"line":1,"column":148}}},"3":{"name":"(anonymous_3)","line":1,"loc":{"start":{"line":1,"column":155},"end":{"line":1,"column":165}}},"4":{"name":"(anonymous_4)","line":1,"loc":{"start":{"line":1,"column":771},"end":{"line":1,"column":782}}},"5":{"name":"(anonymous_5)","line":1,"loc":{"start":{"line":1,"column":921},"end":{"line":1,"column":931}}},"6":{"name":"(anonymous_6)","line":1,"loc":{"start":{"line":1,"column":1008},"end":{"line":1,"column":1019}}},"7":{"name":"(anonymous_7)","line":1,"loc":{"start":{"line":1,"column":1148},"end":{"line":1,"column":1159}}},"8":{"name":"(anonymous_8)","line":1,"loc":{"start":{"line":1,"column":1311},"end":{"line":1,"column":1326}}},"9":{"name":"(anonymous_9)","line":1,"loc":{"start":{"line":1,"column":1378},"end":{"line":1,"column":1388}}},"10":{"name":"(anonymous_10)","line":1,"loc":{"start":{"line":1,"column":1751},"end":{"line":1,"column":1764}}},"11":{"name":"(anonymous_11)","line":1,"loc":{"start":{"line":1,"column":2560},"end":{"line":1,"column":2573}}},"12":{"name":"(anonymous_12)","line":1,"loc":{"start":{"line":1,"column":3100},"end":{"line":1,"column":3110}}},"13":{"name":"(anonymous_13)","line":1,"loc":{"start":{"line":1,"column":3431},"end":{"line":1,"column":3442}}},"14":{"name":"(anonymous_14)","line":1,"loc":{"start":{"line":1,"column":3449},"end":{"line":1,"column":3459}}},"15":{"name":"(anonymous_15)","line":1,"loc":{"start":{"line":1,"column":4077},"end":{"line":1,"column":4087}}},"16":{"name":"(anonymous_16)","line":1,"loc":{"start":{"line":1,"column":4238},"end":{"line":1,"column":4248}}},"17":{"name":"(anonymous_17)","line":1,"loc":{"start":{"line":1,"column":4370},"end":{"line":1,"column":4381}}},"18":{"name":"(anonymous_18)","line":1,"loc":{"start":{"line":1,"column":4519},"end":{"line":1,"column":4530}}},"19":{"name":"(anonymous_19)","line":1,"loc":{"start":{"line":1,"column":4809},"end":{"line":1,"column":4824}}},"20":{"name":"(anonymous_20)","line":1,"loc":{"start":{"line":1,"column":4879},"end":{"line":1,"column":4889}}},"21":{"name":"(anonymous_21)","line":1,"loc":{"start":{"line":1,"column":5300},"end":{"line":1,"column":5313}}},"22":{"name":"(anonymous_22)","line":1,"loc":{"start":{"line":1,"column":6501},"end":{"line":1,"column":6514}}},"23":{"name":"(anonymous_23)","line":1,"loc":{"start":{"line":1,"column":7055},"end":{"line":1,"column":7065}}},"24":{"name":"(anonymous_24)","line":1,"loc":{"start":{"line":1,"column":7388},"end":{"line":1,"column":7399}}},"25":{"name":"(anonymous_25)","line":1,"loc":{"start":{"line":1,"column":7406},"end":{"line":1,"column":7419}}},"26":{"name":"(anonymous_26)","line":1,"loc":{"start":{"line":1,"column":7576},"end":{"line":1,"column":7586}}},"27":{"name":"(anonymous_27)","line":1,"loc":{"start":{"line":1,"column":7628},"end":{"line":1,"column":7639}}},"28":{"name":"(anonymous_28)","line":1,"loc":{"start":{"line":1,"column":7672},"end":{"line":1,"column":7682}}},"29":{"name":"(anonymous_29)","line":1,"loc":{"start":{"line":1,"column":7716},"end":{"line":1,"column":7727}}},"30":{"name":"(anonymous_30)","line":1,"loc":{"start":{"line":1,"column":7780},"end":{"line":1,"column":7790}}},"31":{"name":"(anonymous_31)","line":1,"loc":{"start":{"line":1,"column":7824},"end":{"line":1,"column":7835}}},"32":{"name":"(anonymous_32)","line":1,"loc":{"start":{"line":1,"column":7891},"end":{"line":1,"column":7901}}},"33":{"name":"(anonymous_33)","line":1,"loc":{"start":{"line":1,"column":7941},"end":{"line":1,"column":7952}}},"34":{"name":"(anonymous_34)","line":1,"loc":{"start":{"line":1,"column":8038},"end":{"line":1,"column":8048}}},"35":{"name":"(anonymous_35)","line":1,"loc":{"start":{"line":1,"column":8094},"end":{"line":1,"column":8105}}},"36":{"name":"(anonymous_36)","line":1,"loc":{"start":{"line":1,"column":8222},"end":{"line":1,"column":8232}}},"37":{"name":"(anonymous_37)","line":1,"loc":{"start":{"line":1,"column":8557},"end":{"line":1,"column":8567}}},"38":{"name":"(anonymous_38)","line":1,"loc":{"start":{"line":1,"column":8587},"end":{"line":1,"column":8597}}},"39":{"name":"(anonymous_39)","line":1,"loc":{"start":{"line":1,"column":8715},"end":{"line":1,"column":8725}}},"40":{"name":"(anonymous_40)","line":1,"loc":{"start":{"line":1,"column":8757},"end":{"line":1,"column":8767}}},"41":{"name":"(anonymous_41)","line":1,"loc":{"start":{"line":1,"column":8797},"end":{"line":1,"column":8807}}},"42":{"name":"(anonymous_42)","line":1,"loc":{"start":{"line":1,"column":8839},"end":{"line":1,"column":8849}}},"43":{"name":"(anonymous_43)","line":1,"loc":{"start":{"line":1,"column":9530},"end":{"line":1,"column":9541}}},"44":{"name":"(anonymous_44)","line":1,"loc":{"start":{"line":1,"column":9548},"end":{"line":1,"column":9563}}},"45":{"name":"(anonymous_45)","line":1,"loc":{"start":{"line":1,"column":9599},"end":{"line":1,"column":9616}}},"46":{"name":"(anonymous_46)","line":1,"loc":{"start":{"line":1,"column":9824},"end":{"line":1,"column":9837}}},"47":{"name":"(anonymous_47)","line":1,"loc":{"start":{"line":1,"column":9961},"end":{"line":1,"column":9976}}},"48":{"name":"(anonymous_48)","line":1,"loc":{"start":{"line":1,"column":10195},"end":{"line":1,"column":10210}}},"49":{"name":"(anonymous_49)","line":1,"loc":{"start":{"line":1,"column":10414},"end":{"line":1,"column":10429}}},"50":{"name":"(anonymous_50)","line":1,"loc":{"start":{"line":1,"column":10552},"end":{"line":1,"column":10567}}},"51":{"name":"(anonymous_51)","line":1,"loc":{"start":{"line":1,"column":10681},"end":{"line":1,"column":10698}}},"52":{"name":"(anonymous_52)","line":1,"loc":{"start":{"line":1,"column":11043},"end":{"line":1,"column":11058}}},"53":{"name":"(anonymous_53)","line":1,"loc":{"start":{"line":1,"column":11065},"end":{"line":1,"column":11076}}},"54":{"name":"(anonymous_54)","line":1,"loc":{"start":{"line":1,"column":11388},"end":{"line":1,"column":11403}}},"55":{"name":"n","line":1,"loc":{"start":{"line":1,"column":11404},"end":{"line":1,"column":11416}}},"56":{"name":"(anonymous_56)","line":1,"loc":{"start":{"line":1,"column":11695},"end":{"line":1,"column":11705}}},"57":{"name":"(anonymous_57)","line":1,"loc":{"start":{"line":1,"column":12200},"end":{"line":1,"column":12211}}},"58":{"name":"(anonymous_58)","line":1,"loc":{"start":{"line":1,"column":12393},"end":{"line":1,"column":12404}}},"59":{"name":"(anonymous_59)","line":1,"loc":{"start":{"line":1,"column":12626},"end":{"line":1,"column":12637}}},"60":{"name":"(anonymous_60)","line":1,"loc":{"start":{"line":1,"column":12841},"end":{"line":1,"column":12851}}},"61":{"name":"(anonymous_61)","line":1,"loc":{"start":{"line":1,"column":13200},"end":{"line":1,"column":13211}}},"62":{"name":"(anonymous_62)","line":1,"loc":{"start":{"line":1,"column":13281},"end":{"line":1,"column":13291}}},"63":{"name":"(anonymous_63)","line":1,"loc":{"start":{"line":1,"column":13361},"end":{"line":1,"column":13371}}},"64":{"name":"(anonymous_64)","line":1,"loc":{"start":{"line":1,"column":13453},"end":{"line":1,"column":13466}}},"65":{"name":"(anonymous_65)","line":1,"loc":{"start":{"line":1,"column":14019},"end":{"line":1,"column":14030}}},"66":{"name":"(anonymous_66)","line":1,"loc":{"start":{"line":1,"column":14105},"end":{"line":1,"column":14116}}},"67":{"name":"(anonymous_67)","line":1,"loc":{"start":{"line":1,"column":14168},"end":{"line":1,"column":14179}}},"68":{"name":"(anonymous_68)","line":1,"loc":{"start":{"line":1,"column":14520},"end":{"line":1,"column":14530}}},"69":{"name":"(anonymous_69)","line":1,"loc":{"start":{"line":1,"column":14695},"end":{"line":1,"column":14705}}},"70":{"name":"(anonymous_70)","line":1,"loc":{"start":{"line":1,"column":14713},"end":{"line":1,"column":14723}}},"71":{"name":"(anonymous_71)","line":1,"loc":{"start":{"line":1,"column":14741},"end":{"line":1,"column":14754}}},"72":{"name":"(anonymous_72)","line":1,"loc":{"start":{"line":1,"column":14783},"end":{"line":1,"column":14794}}},"73":{"name":"(anonymous_73)","line":1,"loc":{"start":{"line":1,"column":14845},"end":{"line":1,"column":14858}}},"74":{"name":"(anonymous_74)","line":1,"loc":{"start":{"line":1,"column":14887},"end":{"line":1,"column":14898}}},"75":{"name":"(anonymous_75)","line":1,"loc":{"start":{"line":1,"column":14984},"end":{"line":1,"column":14999}}},"76":{"name":"(anonymous_76)","line":1,"loc":{"start":{"line":1,"column":15229},"end":{"line":1,"column":15240}}},"77":{"name":"(anonymous_77)","line":1,"loc":{"start":{"line":1,"column":15263},"end":{"line":1,"column":15276}}},"78":{"name":"(anonymous_78)","line":1,"loc":{"start":{"line":1,"column":15327},"end":{"line":1,"column":15338}}},"79":{"name":"(anonymous_79)","line":1,"loc":{"start":{"line":1,"column":15476},"end":{"line":1,"column":15487}}},"80":{"name":"(anonymous_80)","line":1,"loc":{"start":{"line":1,"column":15495},"end":{"line":1,"column":15505}}},"81":{"name":"(anonymous_81)","line":1,"loc":{"start":{"line":1,"column":15508},"end":{"line":1,"column":15518}}},"82":{"name":"(anonymous_82)","line":1,"loc":{"start":{"line":1,"column":15528},"end":{"line":1,"column":15539}}},"83":{"name":"(anonymous_83)","line":1,"loc":{"start":{"line":1,"column":15571},"end":{"line":1,"column":15582}}},"84":{"name":"(anonymous_84)","line":1,"loc":{"start":{"line":1,"column":15621},"end":{"line":1,"column":15632}}},"85":{"name":"(anonymous_85)","line":1,"loc":{"start":{"line":1,"column":15671},"end":{"line":1,"column":15682}}},"86":{"name":"(anonymous_86)","line":1,"loc":{"start":{"line":1,"column":15733},"end":{"line":1,"column":15744}}},"87":{"name":"(anonymous_87)","line":1,"loc":{"start":{"line":1,"column":15819},"end":{"line":1,"column":15830}}},"88":{"name":"(anonymous_88)","line":1,"loc":{"start":{"line":1,"column":15856},"end":{"line":1,"column":15866}}},"89":{"name":"(anonymous_89)","line":1,"loc":{"start":{"line":1,"column":15918},"end":{"line":1,"column":15928}}},"90":{"name":"(anonymous_90)","line":1,"loc":{"start":{"line":1,"column":15985},"end":{"line":1,"column":15995}}},"91":{"name":"(anonymous_91)","line":1,"loc":{"start":{"line":1,"column":16062},"end":{"line":1,"column":16072}}},"92":{"name":"(anonymous_92)","line":1,"loc":{"start":{"line":1,"column":16129},"end":{"line":1,"column":16139}}},"93":{"name":"(anonymous_93)","line":1,"loc":{"start":{"line":1,"column":16184},"end":{"line":1,"column":16195}}},"94":{"name":"(anonymous_94)","line":1,"loc":{"start":{"line":1,"column":16253},"end":{"line":1,"column":16263}}}},"statementMap":{"1":{"start":{"line":1,"column":36},"end":{"line":1,"column":16286}},"2":{"start":{"line":1,"column":61},"end":{"line":1,"column":98}},"3":{"start":{"line":1,"column":98},"end":{"line":1,"column":16282}},"4":{"start":{"line":1,"column":149},"end":{"line":1,"column":707}},"5":{"start":{"line":1,"column":166},"end":{"line":1,"column":705}},"6":{"start":{"line":1,"column":707},"end":{"line":1,"column":3388}},"7":{"start":{"line":1,"column":783},"end":{"line":1,"column":868}},"8":{"start":{"line":1,"column":868},"end":{"line":1,"column":879}},"9":{"start":{"line":1,"column":932},"end":{"line":1,"column":975}},"10":{"start":{"line":1,"column":1020},"end":{"line":1,"column":1110}},"11":{"start":{"line":1,"column":1160},"end":{"line":1,"column":1230}},"12":{"start":{"line":1,"column":1230},"end":{"line":1,"column":1287}},"13":{"start":{"line":1,"column":1327},"end":{"line":1,"column":1359}},"14":{"start":{"line":1,"column":1389},"end":{"line":1,"column":1720}},"15":{"start":{"line":1,"column":1765},"end":{"line":1,"column":1786}},"16":{"start":{"line":1,"column":1786},"end":{"line":1,"column":2447}},"17":{"start":{"line":1,"column":1857},"end":{"line":1,"column":1986}},"18":{"start":{"line":1,"column":1991},"end":{"line":1,"column":2447}},"19":{"start":{"line":1,"column":2021},"end":{"line":1,"column":2037}},"20":{"start":{"line":1,"column":2037},"end":{"line":1,"column":2047}},"21":{"start":{"line":1,"column":2047},"end":{"line":1,"column":2266}},"22":{"start":{"line":1,"column":2272},"end":{"line":1,"column":2447}},"23":{"start":{"line":1,"column":2447},"end":{"line":1,"column":2529}},"24":{"start":{"line":1,"column":2574},"end":{"line":1,"column":3071}},"25":{"start":{"line":1,"column":3111},"end":{"line":1,"column":3385}},"26":{"start":{"line":1,"column":3443},"end":{"line":1,"column":4021}},"27":{"start":{"line":1,"column":3460},"end":{"line":1,"column":4019}},"28":{"start":{"line":1,"column":4021},"end":{"line":1,"column":7349}},"29":{"start":{"line":1,"column":4088},"end":{"line":1,"column":4107}},"30":{"start":{"line":1,"column":4107},"end":{"line":1,"column":4202}},"31":{"start":{"line":1,"column":4249},"end":{"line":1,"column":4268}},"32":{"start":{"line":1,"column":4268},"end":{"line":1,"column":4337}},"33":{"start":{"line":1,"column":4382},"end":{"line":1,"column":4417}},"34":{"start":{"line":1,"column":4417},"end":{"line":1,"column":4480}},"35":{"start":{"line":1,"column":4531},"end":{"line":1,"column":4777}},"36":{"start":{"line":1,"column":4596},"end":{"line":1,"column":4607}},"37":{"start":{"line":1,"column":4607},"end":{"line":1,"column":4776}},"38":{"start":{"line":1,"column":4766},"end":{"line":1,"column":4770}},"39":{"start":{"line":1,"column":4770},"end":{"line":1,"column":4775}},"40":{"start":{"line":1,"column":4777},"end":{"line":1,"column":4785}},"41":{"start":{"line":1,"column":4825},"end":{"line":1,"column":4835}},"42":{"start":{"line":1,"column":4835},"end":{"line":1,"column":4860}},"43":{"start":{"line":1,"column":4890},"end":{"line":1,"column":5047}},"44":{"start":{"line":1,"column":5047},"end":{"line":1,"column":5269}},"45":{"start":{"line":1,"column":5107},"end":{"line":1,"column":5118}},"46":{"start":{"line":1,"column":5118},"end":{"line":1,"column":5268}},"47":{"start":{"line":1,"column":5314},"end":{"line":1,"column":5335}},"48":{"start":{"line":1,"column":5335},"end":{"line":1,"column":6388}},"49":{"start":{"line":1,"column":5407},"end":{"line":1,"column":5536}},"50":{"start":{"line":1,"column":5541},"end":{"line":1,"column":6388}},"51":{"start":{"line":1,"column":5575},"end":{"line":1,"column":5583}},"52":{"start":{"line":1,"column":5583},"end":{"line":1,"column":5764}},"53":{"start":{"line":1,"column":5625},"end":{"line":1,"column":5651}},"54":{"start":{"line":1,"column":5651},"end":{"line":1,"column":5657}},"55":{"start":{"line":1,"column":5664},"end":{"line":1,"column":5689}},"56":{"start":{"line":1,"column":5689},"end":{"line":1,"column":5695}},"57":{"start":{"line":1,"column":5702},"end":{"line":1,"column":5727}},"58":{"start":{"line":1,"column":5727},"end":{"line":1,"column":5733}},"59":{"start":{"line":1,"column":5740},"end":{"line":1,"column":5763}},"60":{"start":{"line":1,"column":5764},"end":{"line":1,"column":5830}},"61":{"start":{"line":1,"column":5830},"end":{"line":1,"column":5890}},"62":{"start":{"line":1,"column":5890},"end":{"line":1,"column":5907}},"63":{"start":{"line":1,"column":5907},"end":{"line":1,"column":5944}},"64":{"start":{"line":1,"column":5944},"end":{"line":1,"column":5967}},"65":{"start":{"line":1,"column":5967},"end":{"line":1,"column":6084}},"66":{"start":{"line":1,"column":6090},"end":{"line":1,"column":6133}},"67":{"start":{"line":1,"column":6133},"end":{"line":1,"column":6387}},"68":{"start":{"line":1,"column":6142},"end":{"line":1,"column":6262}},"69":{"start":{"line":1,"column":6159},"end":{"line":1,"column":6175}},"70":{"start":{"line":1,"column":6175},"end":{"line":1,"column":6181}},"71":{"start":{"line":1,"column":6188},"end":{"line":1,"column":6204}},"72":
[...]
}},"143":{"start":{"line":249,"column":6},"end":{"line":249,"column":37}},"144":{"start":{"line":250,"column":6},"end":{"line":250,"column":31}},"145":{"start":{"line":251,"column":6},"end":{"line":251,"column":25}},"146":{"start":{"line":252,"column":6},"end":{"line":252,"column":25}},"147":{"start":{"line":255,"column":6},"end":{"line":257,"column":7}},"148":{"start":{"line":256,"column":8},"end":{"line":256,"column":32}},"149":{"start":{"line":259,"column":6},"end":{"line":259,"column":18}},"150":{"start":{"line":265,"column":4},"end":{"line":265,"column":39}},"151":{"start":{"line":268,"column":4},"end":{"line":268,"column":46}},"152":{"start":{"line":271,"column":4},"end":{"line":271,"column":42}},"153":{"start":{"line":272,"column":4},"end":{"line":272,"column":41}},"154":{"start":{"line":273,"column":4},"end":{"line":273,"column":38}},"155":{"start":{"line":276,"column":4},"end":{"line":276,"column":42}},"156":{"start":{"line":277,"column":4},"end":{"line":277,"column":42}},"157":{"start":{"line":278,"column":4},"end":{"line":278,"column":39}},"158":{"start":{"line":281,"column":4},"end":{"line":291,"column":6}},"159":{"start":{"line":282,"column":6},"end":{"line":282,"column":45}},"160":{"start":{"line":283,"column":6},"end":{"line":283,"column":44}},"161":{"start":{"line":284,"column":6},"end":{"line":284,"column":43}},"162":{"start":{"line":286,"column":6},"end":{"line":286,"column":45}},"163":{"start":{"line":287,"column":6},"end":{"line":287,"column":45}},"164":{"start":{"line":288,"column":6},"end":{"line":288,"column":44}},"165":{"start":{"line":290,"column":6},"end":{"line":290,"column":24}}},"branchMap":{"1":{"line":13,"type":"binary-expr","locations":[{"start":{"line":13,"column":22},"end":{"line":13,"column":40}},{"start":{"line":13,"column":44},"end":{"line":13,"column":61}},{"start":{"line":13,"column":65},"end":{"line":13,"column":79}}]},"2":{"line":14,"type":"binary-expr","locations":[{"start":{"line":14,"column":23},"end":{"line":14,"column":41}},{"start":{"line":14,"column":45},"end":{"line":14,"column":63}},{"start":{"line":14,"column":67},"end":{"line":14,"column":82}}]},"3":{"line":16,"type":"binary-expr","locations":[{"start":{"line":16,"column":22},"end":{"line":16,"column":39}},{"start":{"line":16,"column":43},"end":{"line":16,"column":57}},{"start":{"line":16,"column":61},"end":{"line":16,"column":62}}]},"4":{"line":17,"type":"binary-expr","locations":[{"start":{"line":17,"column":23},"end":{"line":17,"column":41}},{"start":{"line":17,"column":45},"end":{"line":17,"column":60}},{"start":{"line":17,"column":64},"end":{"line":17,"column":65}}]},"5":{"line":47,"type":"if","locations":[{"start":{"line":47,"column":6},"end":{"line":47,"column":6}},{"start":{"line":47,"column":6},"end":{"line":47,"column":6}}]},"6":{"line":66,"type":"if","locations":[{"start":{"line":66,"column":6},"end":{"line":66,"column":6}},{"start":{"line":66,"column":6},"end":{"line":66,"column":6}}]},"7":{"line":72,"type":"if","locations":[{"start":{"line":72,"column":8},"end":{"line":72,"column":8}},{"start":{"line":72,"column":8},"end":{"line":72,"column":8}}]},"8":{"line":75,"type":"if","locations":[{"start":{"line":75,"column":15},"end":{"line":75,"column":15}},{"start":{"line":75,"column":15},"end":{"line":75,"column":15}}]},"9":{"line":79,"type":"if","locations":[{"start":{"line":79,"column":8},"end":{"line":79,"column":8}},{"start":{"line":79,"column":8},"end":{"line":79,"column":8}}]},"10":{"line":82,"type":"if","locations":[{"start":{"line":82,"column":15},"end":{"line":82,"column":15}},{"start":{"line":82,"column":15},"end":{"line":82,"column":15}}]},"11":{"line":99,"type":"if","locations":[{"start":{"line":99,"column":6},"end":{"line":99,"column":6}},{"start":{"line":99,"column":6},"end":{"line":99,"column":6}}]},"12":{"line":102,"type":"if","locations":[{"start":{"line":102,"column":8},"end":{"line":102,"column":8}},{"start":{"line":102,"column":8},"end":{"line":102,"column":8}}]},"13":{"line":117,"type":"if","locations":[{"start":{"line":117,"column":6},"end":{"line":117,"column":6}},{"start":{"line":117,"column":6},"end":{"line":117,"column":6}}]},"14":{"line":120,"type":"if","locations":[{"start":{"line":120,"column":8},"end":{"line":120,"column":8}},{"start":{"line":120,"column":8},"end":{"line":120,"column":8}}]},"15":{"line":133,"type":"if","locations":[{"start":{"line":133,"column":6},"end":{"line":133,"column":6}},{"start":{"line":133,"column":6},"end":{"line":133,"column":6}}]},"16":{"line":136,"type":"if","locations":[{"start":{"line":136,"column":8},"end":{"line":136,"column":8}},{"start":{"line":136,"column":8},"end":{"line":136,"column":8}}]},"17":{"line":155,"type":"if","locations":[{"start":{"line":155,"column":6},"end":{"line":155,"column":6}},{"start":{"line":155,"column":6},"end":{"line":155,"column":6}}]},"18":{"line":165,"type":"if","locations":[{"start":{"line":165,"column":6},"end":{"line":165,"column":6}},{"start":{"line":165,"column":6},"end":{"line":165,"column":6}}]},"19":{"line":184,"type":"if","locations":[{"start":{"line":184,"column":6},"end":{"line":184,"column":6}},{"start":{"line":184,"column":6},"end":{"line":184,"column":6}}]},"20":{"line":192,"type":"if","locations":[{"start":{"line":192,"column":8},"end":{"line":192,"column":8}},{"start":{"line":192,"column":8},"end":{"line":192,"column":8}}]},"21":{"line":195,"type":"if","locations":[{"start":{"line":195,"column":15},"end":{"line":195,"column":15}},{"start":{"line":195,"column":15},"end":{"line":195,"column":15}}]},"22":{"line":199,"type":"if","locations":[{"start":{"line":199,"column":8},"end":{"line":199,"column":8}},{"start":{"line":199,"column":8},"end":{"line":199,"column":8}}]},"23":{"line":202,"type":"if","locations":[{"start":{"line":202,"column":15},"end":{"line":202,"column":15}},{"start":{"line":202,"column":15},"end":{"line":202,"column":15}}]},"24":{"line":225,"type":"if","locations":[{"start":{"line":225,"column":6},"end":{"line":225,"column":6}},{"start":{"line":225,"column":6},"end":{"line":225,"column":6}}]},"25":{"line":233,"type":"if","locations":[{"start":{"line":233,"column":6},"end":{"line":233,"column":6}},{"start":{"line":233,"column":6},"end":{"line":233,"column":6}}]},"26":{"line":245,"type":"if","locations":[{"start":{"line":245,"column":6},"end":{"line":245,"column":6}},{"start":{"line":245,"column":6},"end":{"line":245,"column":6}}]},"27":{"line":255,"type":"if","locations":[{"start":{"line":255,"column":6},"end":{"line":255,"column":6}},{"start":{"line":255,"column":6},"end":{"line":255,"column":6}}]}},"code":["'use strict';","","crop.factory('cropHost', ['$document', 'cropAreaCircle', 'cropAreaSquare', function($document, CropAreaCircle, CropAreaSquare) {","  /* STATIC FUNCTIONS */","","  // Get Element's Offset","  var getElementOffset=function(elem) {","      var box = elem.getBoundingClientRect();","","      var body = document.body;","      var docElem = document.documentElement;","","      var scrollTop = window.pageYOffset || docElem.scrollTop || body.scrollTop;","      var scrollLeft = window.pageXOffset || docElem.scrollLeft || body.scrollLeft;","","      var clientTop = docElem.clientTop || body.clientTop || 0;","      var clientLeft = docElem.clientLeft || body.clientLeft || 0;","","      var top  = box.top +  scrollTop - clientTop;","      var left = box.left + scrollLeft - clientLeft;","","      return { top: Math.round(top), left: Math.round(left) };","  };","","  return function(elCanvas, opts, events){","    /* PRIVATE VARIABLES */","","    // Object Pointers","    var ctx=null,","        image=null,","        theArea=null;","","    // Dimensions","    var minCanvasDims=[100,100],","        maxCanvasDims=[300,300];","","    // Result Image size","    var resImgSize=200;","","    /* PRIVATE FUNCTIONS */","","    // Draw Scene","    function drawScene() {","      // clear canvas","      ctx.clearRect(0, 0, ctx.canvas.width, ctx.canvas.height);","","      if(image!==null) {","        // draw source image","        ctx.drawImage(image, 0, 0, ctx.canvas.width, ctx.canvas.height);","","        ctx.save();","","        // and make it darker","        ctx.fillStyle = 'rgba(0, 0, 0, 0.65)';","        ctx.fillRect(0, 0, ctx.canvas.width, ctx.canvas.height);","","        ctx.restore();","","        // draw Area","        theArea.draw();","      }","    }","","    // Resets CropHost","    var resetCropHost=function() {","      if(image!==null) {","        theArea.setImage(image);","        var imageDims=[image.width, image.height],","            imageRatio=image.width/image.height,","            canvasDims=imageDims;","","        if(canvasDims[0]>maxCanvasDims[0]) {","          canvasDims[0]=maxCanvasDims[0];","          canvasDims[1]=canvasDims[0]/imageRatio;","        } else if(canvasDims[0]<minCanvasDims[0]) {","          canvasDims[0]=minCanvasDims[0];","          canvasDims[1]=canvasDims[0]/imageRatio;","        }","        if(canvasDims[1]>maxCanvasDims[1]) {","          canvasDims[1]=maxCanvasDims[1];","          canvasDims[0]=canvasDims[1]*imageRatio;","        } else if(canvasDims[1]<minCanvasDims[1]) {","          canvasDims[1]=minCanvasDims[1];","          canvasDims[0]=canvasDims[1]*imageRatio;","        }","        elCanvas.prop('width',canvasDims[0]).prop('height',canvasDims[1]).css({'margin-left': -canvasDims[0]/2+'px', 'margin-top': -canvasDims[1]/2+'px'});","","        theArea.setX(ctx.canvas.width/2);","        theArea.setY(ctx.canvas.height/2);","        theArea.setSize(Math.min(200, ctx.canvas.width/2, ctx.canvas.height/2));","      } else {","        elCanvas.prop('width',0).prop('height',0).css({'margin-top': 0});","      }","","      drawScene();","    };","","    var onMouseMove=function(e) {","      if(image!==null) {","        var offset=getElementOffset(ctx.canvas),","            pageX, pageY;","        if(e.type === 'touchmove') {","          pageX=e.changedTouches[0].pageX;","          pageY=e.changedTouches[0].pageY;","        } else {","          pageX=e.pageX;","          pageY=e.pageY;","        }","        theArea.processMouseMove(pageX-offset.left, pageY-offset.top);","        drawScene();","      }","    };","","    var onMouseDown=function(e) {","      e.preventDefault();","      e.stopPropagation();","      if(image!==null) {","        var offset=getElementOffset(ctx.canvas),","            pageX, pageY;","        if(e.type === 'touchstart') {","          pageX=e.changedTouches[0].pageX;","          pageY=e.changedTouches[0].pageY;","        } else {","          pageX=e.pageX;","          pageY=e.pageY;","        }","        theArea.processMouseDown(pageX-offset.left, pageY-offset.top);","        drawScene();","      }","    };","","    var onMouseUp=function(e) {","      if(image!==null) {","        var offset=getElementOffset(ctx.canvas),","            pageX, pageY;","        if(e.type === 'touchend') {","          pageX=e.changedTouches[0].pageX;","          pageY=e.changedTouches[0].pageY;","        } else {","          pageX=e.pageX;","          pageY=e.pageY;","        }","        theArea.processMouseUp(pageX-offset.left, pageY-offset.top);","        drawScene();","      }","    };","","","    this.getResultImageDataURI=function() {","      var temp_ctx, temp_canvas;","      temp_canvas = angular.element('<canvas></canvas>')[0];","      temp_ctx = temp_canvas.getContext('2d');","      temp_canvas.width = resImgSize;","      temp_canvas.height = resImgSize;","      if(image!==null){","        temp_ctx.drawImage(image, (theArea.getX()-theArea.getSize()/2)*(image.width/ctx.canvas.width), (theArea.getY()-theArea.getSize()/2)*(image.height/ctx.canvas.height), theArea.getSize()*(image.width/ctx.canvas.width), theArea.getSize()*(image.height/ctx.canvas.height), 0, 0, resImgSize, resImgSize);","      }","      return temp_canvas.toDataURL();","    };","","    this.setNewImageSource=function(imageSource) {","      image=null;","      resetCropHost();","      events.trigger('image-updated');","      if(!!imageSource) {","        var newImage = new Image();","        newImage.onload = function(){","          events.trigger('load-done');","          image=newImage;","          resetCropHost();","          events.trigger('image-updated');","        };","        newImage.onerror=function() {","          events.trigger('load-error');","        };","        events.trigger('load-start');","        newImage.src=imageSource;","      }","    };","","    this.setMaxDimensions=function(width, height) {","      maxCanvasDims=[width,height];","","      if(image!==null) {","        var curWidth=ctx.canvas.width,","            curHeight=ctx.canvas.height;","","        var imageDims=[image.width, image.height],","            imageRatio=image.width/image.height,","            canvasDims=imageDims;","","        if(canvasDims[0]>maxCanvasDims[0]) {","          canvasDims[0]=maxCanvasDims[0];","          canvasDims[1]=canvasDims[0]/imageRatio;","        } else if(canvasDims[0]<minCanvasDims[0]) {","          canvasDims[0]=minCanvasDims[0];","          canvasDims[1]=canvasDims[0]/imageRatio;","        }","        if(canvasDims[1]>maxCanvasDims[1]) {","          canvasDims[1]=maxCanvasDims[1];","          canvasDims[0]=canvasDims[1]*imageRatio;","        } else if(canvasDims[1]<minCanvasDims[1]) {","          canvasDims[1]=minCanvasDims[1];","          canvasDims[0]=canvasDims[1]*imageRatio;","        }","        elCanvas.prop('width',canvasDims[0]).prop('height',canvasDims[1]).css({'margin-left': -canvasDims[0]/2+'px', 'margin-top': -canvasDims[1]/2+'px'});","","        var ratioNewCurWidth=ctx.canvas.width/curWidth,","            ratioNewCurHeight=ctx.canvas.height/curHeight,","            ratioMin=Math.min(ratioNewCurWidth, ratioNewCurHeight);","","        theArea.setX(theArea.getX()*ratioNewCurWidth);","        theArea.setY(theArea.getY()*ratioNewCurHeight);","        theArea.setSize(theArea.getSize()*ratioMin);","      } else {","        elCanvas.prop('width',0).prop('height',0).css({'margin-top': 0});","      }","","      drawScene();","","    };","","    this.setAreaMinSize=function(size) {","      size=parseInt(size,10);","      if(!isNaN(size)) {","        theArea.setMinSize(size);","        drawScene();","      }","    };","","    this.setResultImageSize=function(size) {","      size=parseInt(size,10);","      if(!isNaN(size)) {","        resImgSize=size;","      }","    };","","    this.setAreaType=function(type) {","      var curSize=theArea.getSize(),","          curMinSize=theArea.getMinSize(),","          curX=theArea.getX(),","          curY=theArea.getY();","","      var AreaClass=CropAreaCircle;","      if(type==='square') {","        AreaClass=CropAreaSquare;","      }","      theArea = new AreaClass(ctx, events);","      theArea.setMinSize(curMinSize);","      theArea.setSize(curSize);","      theArea.setX(curX);","      theArea.setY(curY);","","      // resetCropHost();","      if(image!==null) {","        theArea.setImage(image);","      }","","      drawScene();","    };","","    /* Life Cycle begins */","","    // Init Context var","    ctx = elCanvas[0].getContext('2d');","","    // Init CropArea","    theArea = new CropAreaCircle(ctx, events);","","    // Init Mouse Event Listeners","    $document.on('mousemove',onMouseMove);","    elCanvas.on('mousedown',onMouseDown);","    $document.on('mouseup',onMouseUp);","","    // Init Touch Event Listeners","    $document.on('touchmove',onMouseMove);","    elCanvas.on('touchstart',onMouseDown);","    $document.on('touchend',onMouseUp);","","    // CropHost Destructor","    this.destroy=function() {","      $document.off('mousemove',onMouseMove);","      elCanvas.off('mousedown',onMouseDown);","      $document.off('mouseup',onMouseMove);","","      $document.off('touchmove',onMouseMove);","      elCanvas.off('touchstart',onMouseDown);","      $document.off('touchend',onMouseMove);","","      elCanvas.remove();","    };","  };","","}]);",""],"l":{"3":2,"7":0,"8":0,"10":0,"11":0,"13":0,"14":0,"16":0,"17":0,"19":0,"20":0,"22":0,"25":0,"29":0,"34":0,"38":0,"43":1,"45":0,"47":0,"49":0,"51":0,"54":0,"55":0,"57":0,"60":0,"65":0,"66":0,"67":0,"68":0,"72":0,"73":0,"74":0,"75":0,"76":0,"77":0,"79":0,"80":0,"81":0,"82":0,"83":0,"84":0,"86":0,"88":0,"89":0,"90":0,"92":0,"95":0,"98":0,"99":0,"100":0,"102":0,"103":0,"104":0,"106":0,"107":0,"109":0,"110":0,"114":0,"115":0,"116":0,"117":0,"118":0,"120":0,"121":0,"122":0,"124":0,"125":0,"127":0,"128":0,"132":0,"133":0,"134":0,"136":0,"137":0,"138":0,"140":0,"141":0,"143":0,"144":0,"149":0,"150":0,"151":0,"152":0,"153":0,"154":0,"155":0,"156":0,"158":0,"161":0,"162":0,"163":0,"164":0,"165":0,"166":0,"167":0,"168":0,"169":0,"170":0,"171":0,"173":0,"174":0,"176":0,"177":0,"181":0,"182":0,"184":0,"185":0,"188":0,"192":0,"193":0,"194":0,"195":0,"196":0,"197":0,"199":0,"200":0,"201":0,"202":0,"203":0,"204":0,"206":0,"208":0,"212":0,"213":0,"214":0,"216":0,"219":0,"223":0,"224":0,"225":0,"226":0,"227":0,"231":0,"232":0,"233":0,"234":0,"238":0,"239":0,"244":0,"245":0,"246":0,"248":0,"249":0,"250":0,"251":0,"252":0,"255":0,"256":0,"259":0,"265":0,"268":0,"271":0,"272":0,"273":0,"276":0,"277":0,"278":0,"281":0,"282":0,"283":0,"284":0,"286":0,"287":0,"288":0,"290":0}},"/home/travis/build/npmtest/node-npmtest-ng-img-crop/node_modules/ng-img-crop/source/js/classes/crop-pubsub.js":{"path":"/home/travis/build/npmtest/node-npmtest-ng-img-crop/node_modules/ng-img-crop/source/js/classes/crop-pubsub.js","s":{"1":2,"2":0,"3":0,"4":0,"5":0,"6":0,"7":0,"8":0,"9":0,"10":0,"11":0,"12":0,"13":0},"b":{"1":[0,0]},"f":{"1":0,"2":0,"3":0,"4":0,"5":0,"6":0},"fnMap":{"1":{"name":"(anonymous_1)","line":3,"loc":{"start":{"line":3,"column":28},"end":{"line":3,"column":39}}},"2":{"name":"(anonymous_2)","line":4,"loc":{"start":{"line":4,"column":9},"end":{"line":4,"column":20}}},"3":{"name":"(anonymous_3)","line":7,"loc":{"start":{"line":7,"column":14},"end":{"line":7,"column":39}}},"4":{"name":"(anonymous_4)","line":8,"loc":{"start":{"line":8,"column":31},"end":{"line":8,"column":46}}},"5":{"name":"(anonymous_5)","line":17,"loc":{"start":{"line":17,"column":19},"end":{"line":17,"column":40}}},"6":{"name":"(anonymous_6)","line":18,"loc":{"start":{"line":18,"column":36},"end":{"line":18,"column":54}}}},"statementMap":{"1":{"start":{"line":3,"column":0},"end":{"line":24,"column":4}},"2":{"start":{"line":4,"column":2},"end":{"line":23,"column":4}},"3":{"start":{"line":5,"column":4},"end":{"line":5,"column":20}},"4":{"start":{"line":7,"column":4},"end":{"line":15,"column":6}},"5":{"start":{"line":8,"column":6},"end":{"line":13,"column":9}},"6":{"start":{"line":9,"column":8},"end":{"line":11,"column":9}},"7":{"start":{"line":10,"column":10},"end":{"line":10,"column":28}},"8":{"start":{"line":12,"column":8},"end":{"line":12,"column":35}},"9":{"start":{"line":14,"column":6},"end":{"line":14,"column":18}},"10":{"start":{"line":17,"column":4},"end":{"line":22,"column":6}},"11":{"start":{"line":18,"column":6},"end":{"line":20,"column":9}},"12":{"start":{"line":19,"column":8},"end":{"line":19,"column":33}},"13":{"start":{"line":21,"column":6},"end":{"line":21,"column":18}}},"branchMap":{"1":{"line":9,"type":"if","locations":[{"start":{"line":9,"column":8},"end":{"line":9,"column":8}},{"start":{"line":9,"column":8},"end":{"line":9,"column":8}}]}},"code":["'use strict';","","crop.factory('cropPubSub', [function() {","  return function() {","    var events = {};","    // Subscribe","    this.on = function(names, handler) {","      names.split(' ').forEach(function(name) {","        if (!events[name]) {","          events[name] = [];","        }","        events[name].push(handler);","      });","      return this;","    };","    // Publish","    this.trigger = function(name, args) {","      angular.forEach(events[name], function(handler) {","        handler.call(null, args);","      });","      return this;","    };","  };","}]);"],"l":{"3":2,"4":0,"5":0,"7":0,"8":0,"9":0,"10":0,"12":0,"14":0,"17":0,"18":0,"19":0,"21":0}}}